2018-06-06 13:42:46 INFO  Base_Test:19 - Starting test case: Do_Login
2018-06-06 13:42:46 INFO  Payload_Converter:15 - Inside payload converter function.
2018-06-06 13:42:46 INFO  URL:20 - URI endpoint: http://localhost:9090/rest/auth/1/session
2018-06-06 13:42:46 INFO  REST_Calls:25 - Inside POST request call.
2018-06-06 13:42:49 DEBUG BasicClientConnectionManager:161 - Get connection for route {}->http://localhost:9090
2018-06-06 13:42:49 DEBUG DefaultClientConnectionOperator:177 - Connecting to localhost:9090
2018-06-06 13:42:49 DEBUG RequestAddCookies:123 - CookieSpec selected: ignoreCookies
2018-06-06 13:42:49 DEBUG RequestAuthCache:77 - Auth cache not set in the context
2018-06-06 13:42:49 DEBUG RequestTargetAuthentication:80 - Target auth state: UNCHALLENGED
2018-06-06 13:42:49 DEBUG RequestProxyAuthentication:89 - Proxy auth state: UNCHALLENGED
2018-06-06 13:42:49 DEBUG DefaultHttpClient:682 - Attempt 1 to execute request
2018-06-06 13:42:49 DEBUG DefaultClientConnection:274 - Sending request: POST /rest/auth/1/session HTTP/1.1
2018-06-06 13:42:49 DEBUG wire:73 -  >> "POST /rest/auth/1/session HTTP/1.1[\r][\n]"
2018-06-06 13:42:49 DEBUG wire:73 -  >> "Accept: */*[\r][\n]"
2018-06-06 13:42:49 DEBUG wire:73 -  >> "Content-Type: application/json; charset=UTF-8[\r][\n]"
2018-06-06 13:42:49 DEBUG wire:73 -  >> "Content-Length: 56[\r][\n]"
2018-06-06 13:42:49 DEBUG wire:73 -  >> "Host: localhost:9090[\r][\n]"
2018-06-06 13:42:49 DEBUG wire:73 -  >> "Connection: Keep-Alive[\r][\n]"
2018-06-06 13:42:49 DEBUG wire:73 -  >> "User-Agent: Apache-HttpClient/4.5.3 (Java/1.8.0_172)[\r][\n]"
2018-06-06 13:42:49 DEBUG wire:73 -  >> "Accept-Encoding: gzip,deflate[\r][\n]"
2018-06-06 13:42:49 DEBUG wire:73 -  >> "[\r][\n]"
2018-06-06 13:42:49 DEBUG headers:278 - >> POST /rest/auth/1/session HTTP/1.1
2018-06-06 13:42:49 DEBUG headers:281 - >> Accept: */*
2018-06-06 13:42:49 DEBUG headers:281 - >> Content-Type: application/json; charset=UTF-8
2018-06-06 13:42:49 DEBUG headers:281 - >> Content-Length: 56
2018-06-06 13:42:49 DEBUG headers:281 - >> Host: localhost:9090
2018-06-06 13:42:49 DEBUG headers:281 - >> Connection: Keep-Alive
2018-06-06 13:42:49 DEBUG headers:281 - >> User-Agent: Apache-HttpClient/4.5.3 (Java/1.8.0_172)
2018-06-06 13:42:49 DEBUG headers:281 - >> Accept-Encoding: gzip,deflate
2018-06-06 13:42:49 DEBUG wire:73 -  >> "{[\r][\n]"
2018-06-06 13:42:49 DEBUG wire:73 -  >> "[0x9]"username":"ryynanenphm",[\r][\n]"
2018-06-06 13:42:49 DEBUG wire:73 -  >> "[0x9]"password":"Mikael81"[\r][\n]"
2018-06-06 13:42:49 DEBUG wire:87 -  >> "}"
2018-06-06 13:42:49 DEBUG wire:73 -  << "HTTP/1.1 200 [\r][\n]"
2018-06-06 13:42:49 DEBUG wire:73 -  << "X-AREQUESTID: 822x847x1[\r][\n]"
2018-06-06 13:42:49 DEBUG wire:73 -  << "X-XSS-Protection: 1; mode=block[\r][\n]"
2018-06-06 13:42:49 DEBUG wire:73 -  << "X-Content-Type-Options: nosniff[\r][\n]"
2018-06-06 13:42:49 DEBUG wire:73 -  << "X-Frame-Options: SAMEORIGIN[\r][\n]"
2018-06-06 13:42:49 DEBUG wire:73 -  << "Content-Security-Policy: frame-ancestors 'self'[\r][\n]"
2018-06-06 13:42:49 DEBUG wire:73 -  << "X-ASEN: SEN-L11811261[\r][\n]"
2018-06-06 13:42:49 DEBUG wire:73 -  << "Set-Cookie: atlassian.xsrf.token=BCG2-ZRU7-NNTN-N3LZ|c8f4af49176ca47fbcb7e3334ab0639b38c07de1|lout;path=/[\r][\n]"
2018-06-06 13:42:49 DEBUG wire:73 -  << "X-AUSERNAME: anonymous[\r][\n]"
2018-06-06 13:42:49 DEBUG wire:73 -  << "Set-Cookie: JSESSIONID=7FE764BC4DB7855F994825DAD76A8A69;path=/;HttpOnly[\r][\n]"
2018-06-06 13:42:49 DEBUG wire:73 -  << "X-Seraph-LoginReason: OK[\r][\n]"
2018-06-06 13:42:49 DEBUG wire:73 -  << "Cache-Control: no-cache, no-store, no-transform[\r][\n]"
2018-06-06 13:42:49 DEBUG wire:73 -  << "Content-Encoding: gzip[\r][\n]"
2018-06-06 13:42:49 DEBUG wire:73 -  << "Vary: User-Agent[\r][\n]"
2018-06-06 13:42:49 DEBUG wire:73 -  << "Content-Type: application/json;charset=UTF-8[\r][\n]"
2018-06-06 13:42:49 DEBUG wire:73 -  << "Transfer-Encoding: chunked[\r][\n]"
2018-06-06 13:42:49 DEBUG wire:73 -  << "Date: Wed, 06 Jun 2018 10:42:49 GMT[\r][\n]"
2018-06-06 13:42:49 DEBUG wire:73 -  << "[\r][\n]"
2018-06-06 13:42:49 DEBUG DefaultClientConnection:259 - Receiving response: HTTP/1.1 200 
2018-06-06 13:42:49 DEBUG headers:262 - << HTTP/1.1 200 
2018-06-06 13:42:49 DEBUG headers:265 - << X-AREQUESTID: 822x847x1
2018-06-06 13:42:49 DEBUG headers:265 - << X-XSS-Protection: 1; mode=block
2018-06-06 13:42:49 DEBUG headers:265 - << X-Content-Type-Options: nosniff
2018-06-06 13:42:49 DEBUG headers:265 - << X-Frame-Options: SAMEORIGIN
2018-06-06 13:42:49 DEBUG headers:265 - << Content-Security-Policy: frame-ancestors 'self'
2018-06-06 13:42:49 DEBUG headers:265 - << X-ASEN: SEN-L11811261
2018-06-06 13:42:49 DEBUG headers:265 - << Set-Cookie: atlassian.xsrf.token=BCG2-ZRU7-NNTN-N3LZ|c8f4af49176ca47fbcb7e3334ab0639b38c07de1|lout;path=/
2018-06-06 13:42:49 DEBUG headers:265 - << X-AUSERNAME: anonymous
2018-06-06 13:42:49 DEBUG headers:265 - << Set-Cookie: JSESSIONID=7FE764BC4DB7855F994825DAD76A8A69;path=/;HttpOnly
2018-06-06 13:42:49 DEBUG headers:265 - << X-Seraph-LoginReason: OK
2018-06-06 13:42:49 DEBUG headers:265 - << Cache-Control: no-cache, no-store, no-transform
2018-06-06 13:42:49 DEBUG headers:265 - << Content-Encoding: gzip
2018-06-06 13:42:49 DEBUG headers:265 - << Vary: User-Agent
2018-06-06 13:42:49 DEBUG headers:265 - << Content-Type: application/json;charset=UTF-8
2018-06-06 13:42:49 DEBUG headers:265 - << Transfer-Encoding: chunked
2018-06-06 13:42:49 DEBUG headers:265 - << Date: Wed, 06 Jun 2018 10:42:49 GMT
2018-06-06 13:42:49 DEBUG DefaultHttpClient:509 - Connection can be kept alive indefinitely
2018-06-06 13:42:49 DEBUG RequestSpecificationImpl$RestAssuredHttpBuilder:544 - Parsing response as: application/json;charset=UTF-8
2018-06-06 13:42:49 DEBUG wire:73 -  << "b5[\r][\n]"
2018-06-06 13:42:49 DEBUG wire:73 -  << "[0x1f][0x8b][0x8][0x0][0x0][0x0][0x0][0x0][0x0][0x0]t[0x8e]K[\n]"
2018-06-06 13:42:49 DEBUG wire:87 -  << "[0x83]0[0x18][0x84][0xef][0xf2]ok%[0xc6][0xbc][0xcc][0xce]'XJ[0xbb][0xd0][0xb][0x4][0x1a]K[0xc0]&[0xa5]Q7[0xe2][0xdd][0xab][0xad][0xd0]Ua63|3[0xcc][0xc]^{o[0x9c][0x5]9[0x83]U[0xf][\r][0x12]NM[0xd9]4[0xf5][0xf5]R[0x17][0x10][0xc0][0xa4][0xfa]q[0xb]yUrF[0xb2][0x9c][0x14][0x19][0x17][0x94]VIB[0x4][0xa6]EZp[0x96][0x8a][0x94]%[0xb0][0x4][0xd0][0xbb][0xbb][0xb1][0xb5][0xed][0xdc]6[0xd6])[0xd3][0xeb][0xdb]y[0x8b]r7[0xda][0x1]d[0xb4][0x13][0xbb][0x8d][0xe9][0xea][0x95][0x1f][0xaa][0x1f][0xd8][0x9a][0xcf][0x1][0x8c]"qDlU[0x1b]a[0x19]q[0x89]p[0x88](;[0xa0][0x18][0xa1][0xf5][0xd2][0xf3][0xa5]'[0xe3]F[0xff][0xaf][0x12][0xcb][0x98]HJB[0x8c][0x92]oeY[0xde][0x0][0x0][0x0][0xff][0xff]"
2018-06-06 13:42:49 DEBUG wire:73 -  << "[\r][\n]"
2018-06-06 13:42:49 DEBUG wire:73 -  << "a[\r][\n]"
2018-06-06 13:42:49 DEBUG wire:87 -  << "[0x3][0x0][0xc6][0x13][0x9a]S[0xe7][0x0][0x0][0x0]"
2018-06-06 13:42:49 DEBUG wire:73 -  << "[\r][\n]"
2018-06-06 13:42:49 DEBUG wire:73 -  << "0[\r][\n]"
2018-06-06 13:42:49 DEBUG wire:73 -  << "[\r][\n]"
2018-06-06 13:42:49 DEBUG RequestSpecificationImpl$RestAssuredHttpBuilder:547 - Parsed data to instance of: class org.apache.http.conn.EofSensorInputStream
2018-06-06 13:42:49 DEBUG REST_Calls:29 - io.restassured.internal.RequestSpecificationImpl@1755e85b
2018-06-06 13:42:49 DEBUG BasicClientConnectionManager:200 - Releasing connection org.apache.http.impl.conn.ManagedClientConnectionImpl@4ba302e0
2018-06-06 13:42:49 DEBUG BasicClientConnectionManager:225 - Connection can be kept alive indefinitely
2018-06-06 13:42:49 INFO  Base_Test:24 - Response -> {"session":{"name":"JSESSIONID","value":"7FE764BC4DB7855F994825DAD76A8A69"},"loginInfo":{"failedLoginCount":1,"loginCount":35,"lastFailedLoginTime":"2018-06-06T12:17:02.056+0300","previousLoginTime":"2018-06-06T13:34:54.209+0300"}}
2018-06-06 13:42:49 INFO  Test_Utils:15 - Converting response to String.
2018-06-06 13:42:49 DEBUG Test_Utils:17 - {"session":{"name":"JSESSIONID","value":"7FE764BC4DB7855F994825DAD76A8A69"},"loginInfo":{"failedLoginCount":1,"loginCount":35,"lastFailedLoginTime":"2018-06-06T12:17:02.056+0300","previousLoginTime":"2018-06-06T13:34:54.209+0300"}}
2018-06-06 13:42:49 INFO  Test_Utils:22 - Parsing string response to JSON.
2018-06-06 13:42:49 DEBUG Test_Utils:24 - JSON response -> io.restassured.path.json.JsonPath@5c153b9e
2018-06-06 13:42:49 INFO  Base_Test:29 - Jira session ID -> 7FE764BC4DB7855F994825DAD76A8A69
2018-06-06 13:42:49 INFO  Create_Issue:28 - Starting create issue test.
2018-06-06 13:42:49 INFO  URL:20 - URI endpoint: http://localhost:9090/rest/api/2/issue
2018-06-06 13:42:49 INFO  Payload_Converter:15 - Inside payload converter function.
2018-06-06 13:42:49 INFO  REST_Calls:34 - Inside POST request call.
2018-06-06 13:42:50 DEBUG BasicClientConnectionManager:161 - Get connection for route {}->http://localhost:9090
2018-06-06 13:42:50 DEBUG DefaultClientConnectionOperator:177 - Connecting to localhost:9090
2018-06-06 13:42:50 DEBUG RequestAddCookies:123 - CookieSpec selected: ignoreCookies
2018-06-06 13:42:50 DEBUG RequestAuthCache:77 - Auth cache not set in the context
2018-06-06 13:42:50 DEBUG RequestTargetAuthentication:80 - Target auth state: UNCHALLENGED
2018-06-06 13:42:50 DEBUG RequestProxyAuthentication:89 - Proxy auth state: UNCHALLENGED
2018-06-06 13:42:50 DEBUG DefaultHttpClient:682 - Attempt 1 to execute request
2018-06-06 13:42:50 DEBUG DefaultClientConnection:274 - Sending request: POST /rest/api/2/issue HTTP/1.1
2018-06-06 13:42:50 DEBUG wire:73 -  >> "POST /rest/api/2/issue HTTP/1.1[\r][\n]"
2018-06-06 13:42:50 DEBUG wire:73 -  >> "cookie: JSESSIONID=[\r][\n]"
2018-06-06 13:42:50 DEBUG wire:73 -  >> "cookie: 7FE764BC4DB7855F994825DAD76A8A69[\r][\n]"
2018-06-06 13:42:50 DEBUG wire:73 -  >> "Accept: */*[\r][\n]"
2018-06-06 13:42:50 DEBUG wire:73 -  >> "Content-Type: application/json; charset=UTF-8[\r][\n]"
2018-06-06 13:42:50 DEBUG wire:73 -  >> "Content-Length: 292[\r][\n]"
2018-06-06 13:42:50 DEBUG wire:73 -  >> "Host: localhost:9090[\r][\n]"
2018-06-06 13:42:50 DEBUG wire:73 -  >> "Connection: Keep-Alive[\r][\n]"
2018-06-06 13:42:50 DEBUG wire:73 -  >> "User-Agent: Apache-HttpClient/4.5.3 (Java/1.8.0_172)[\r][\n]"
2018-06-06 13:42:50 DEBUG wire:73 -  >> "Accept-Encoding: gzip,deflate[\r][\n]"
2018-06-06 13:42:50 DEBUG wire:73 -  >> "[\r][\n]"
2018-06-06 13:42:50 DEBUG headers:278 - >> POST /rest/api/2/issue HTTP/1.1
2018-06-06 13:42:50 DEBUG headers:281 - >> cookie: JSESSIONID=
2018-06-06 13:42:50 DEBUG headers:281 - >> cookie: 7FE764BC4DB7855F994825DAD76A8A69
2018-06-06 13:42:50 DEBUG headers:281 - >> Accept: */*
2018-06-06 13:42:50 DEBUG headers:281 - >> Content-Type: application/json; charset=UTF-8
2018-06-06 13:42:50 DEBUG headers:281 - >> Content-Length: 292
2018-06-06 13:42:50 DEBUG headers:281 - >> Host: localhost:9090
2018-06-06 13:42:50 DEBUG headers:281 - >> Connection: Keep-Alive
2018-06-06 13:42:50 DEBUG headers:281 - >> User-Agent: Apache-HttpClient/4.5.3 (Java/1.8.0_172)
2018-06-06 13:42:50 DEBUG headers:281 - >> Accept-Encoding: gzip,deflate
2018-06-06 13:42:50 DEBUG wire:73 -  >> "{[\r][\n]"
2018-06-06 13:42:50 DEBUG wire:73 -  >> "    "fields": {[\r][\n]"
2018-06-06 13:42:50 DEBUG wire:73 -  >> "       "project":[\r][\n]"
2018-06-06 13:42:50 DEBUG wire:73 -  >> "       { [\r][\n]"
2018-06-06 13:42:50 DEBUG wire:73 -  >> "          "key": "DEMO"[\r][\n]"
2018-06-06 13:42:50 DEBUG wire:73 -  >> "       },[\r][\n]"
2018-06-06 13:42:50 DEBUG wire:73 -  >> "       "summary": "Creating Issue form REST Automation Framework.",[\r][\n]"
2018-06-06 13:42:50 DEBUG wire:73 -  >> "       "description": "Creating issue form REST Automation Framework",[\r][\n]"
2018-06-06 13:42:50 DEBUG wire:73 -  >> "       "issuetype": {[\r][\n]"
2018-06-06 13:42:50 DEBUG wire:73 -  >> "          "name": "Bug"[\r][\n]"
2018-06-06 13:42:50 DEBUG wire:73 -  >> "       }[\r][\n]"
2018-06-06 13:42:50 DEBUG wire:73 -  >> "   }[\r][\n]"
2018-06-06 13:42:50 DEBUG wire:87 -  >> "}"
2018-06-06 13:42:50 DEBUG wire:73 -  << "HTTP/1.1 401 [\r][\n]"
2018-06-06 13:42:50 DEBUG wire:73 -  << "X-AREQUESTID: 822x848x1[\r][\n]"
2018-06-06 13:42:50 DEBUG wire:73 -  << "X-XSS-Protection: 1; mode=block[\r][\n]"
2018-06-06 13:42:50 DEBUG wire:73 -  << "X-Content-Type-Options: nosniff[\r][\n]"
2018-06-06 13:42:50 DEBUG wire:73 -  << "X-Frame-Options: SAMEORIGIN[\r][\n]"
2018-06-06 13:42:50 DEBUG wire:73 -  << "Content-Security-Policy: frame-ancestors 'self'[\r][\n]"
2018-06-06 13:42:50 DEBUG wire:73 -  << "X-ASEN: SEN-L11811261[\r][\n]"
2018-06-06 13:42:50 DEBUG wire:73 -  << "WWW-Authenticate: OAuth realm="http%3A%2F%2Flocalhost%3A9090"[\r][\n]"
2018-06-06 13:42:50 DEBUG wire:73 -  << "Content-Type: text/html;charset=UTF-8[\r][\n]"
2018-06-06 13:42:50 DEBUG wire:73 -  << "Transfer-Encoding: chunked[\r][\n]"
2018-06-06 13:42:50 DEBUG wire:73 -  << "Date: Wed, 06 Jun 2018 10:42:49 GMT[\r][\n]"
2018-06-06 13:42:50 DEBUG wire:73 -  << "[\r][\n]"
2018-06-06 13:42:50 DEBUG DefaultClientConnection:259 - Receiving response: HTTP/1.1 401 
2018-06-06 13:42:50 DEBUG headers:262 - << HTTP/1.1 401 
2018-06-06 13:42:50 DEBUG headers:265 - << X-AREQUESTID: 822x848x1
2018-06-06 13:42:50 DEBUG headers:265 - << X-XSS-Protection: 1; mode=block
2018-06-06 13:42:50 DEBUG headers:265 - << X-Content-Type-Options: nosniff
2018-06-06 13:42:50 DEBUG headers:265 - << X-Frame-Options: SAMEORIGIN
2018-06-06 13:42:50 DEBUG headers:265 - << Content-Security-Policy: frame-ancestors 'self'
2018-06-06 13:42:50 DEBUG headers:265 - << X-ASEN: SEN-L11811261
2018-06-06 13:42:50 DEBUG headers:265 - << WWW-Authenticate: OAuth realm="http%3A%2F%2Flocalhost%3A9090"
2018-06-06 13:42:50 DEBUG headers:265 - << Content-Type: text/html;charset=UTF-8
2018-06-06 13:42:50 DEBUG headers:265 - << Transfer-Encoding: chunked
2018-06-06 13:42:50 DEBUG headers:265 - << Date: Wed, 06 Jun 2018 10:42:49 GMT
2018-06-06 13:42:50 DEBUG DefaultHttpClient:509 - Connection can be kept alive indefinitely
2018-06-06 13:42:50 DEBUG DefaultHttpClient:77 - Authentication required
2018-06-06 13:42:50 DEBUG DefaultHttpClient:107 - localhost:9090 requested authentication
2018-06-06 13:42:50 DEBUG TargetAuthenticationStrategy:175 - Authentication schemes in the order of preference: [Negotiate, Kerberos, NTLM, Digest, Basic]
2018-06-06 13:42:50 DEBUG TargetAuthenticationStrategy:204 - Challenge for Negotiate authentication scheme not available
2018-06-06 13:42:50 DEBUG TargetAuthenticationStrategy:204 - Challenge for Kerberos authentication scheme not available
2018-06-06 13:42:50 DEBUG TargetAuthenticationStrategy:204 - Challenge for NTLM authentication scheme not available
2018-06-06 13:42:50 DEBUG TargetAuthenticationStrategy:204 - Challenge for Digest authentication scheme not available
2018-06-06 13:42:50 DEBUG TargetAuthenticationStrategy:204 - Challenge for Basic authentication scheme not available
2018-06-06 13:42:50 DEBUG RequestSpecificationImpl$RestAssuredHttpBuilder:544 - Parsing response as: text/html;charset=UTF-8
2018-06-06 13:42:50 DEBUG RequestSpecificationImpl$RestAssuredHttpBuilder:547 - Parsed data to instance of: class org.apache.http.conn.EofSensorInputStream
2018-06-06 13:42:50 DEBUG REST_Calls:39 - io.restassured.internal.RequestSpecificationImpl@76a82f33
2018-06-06 13:42:50 INFO  Test_Utils:36 - Getting  response status code.
2018-06-06 13:42:50 INFO  Test_Utils:38 - Response status code -> 401
2018-06-06 13:46:55 INFO  Base_Test:19 - Starting test case: Do_Login
2018-06-06 13:46:55 INFO  Payload_Converter:15 - Inside payload converter function.
2018-06-06 13:46:55 INFO  URL:20 - URI endpoint: http://localhost:9090/rest/auth/1/session
2018-06-06 13:46:55 INFO  REST_Calls:25 - Inside POST request call.
2018-06-06 13:46:57 DEBUG BasicClientConnectionManager:161 - Get connection for route {}->http://localhost:9090
2018-06-06 13:46:57 DEBUG DefaultClientConnectionOperator:177 - Connecting to localhost:9090
2018-06-06 13:46:57 DEBUG RequestAddCookies:123 - CookieSpec selected: ignoreCookies
2018-06-06 13:46:57 DEBUG RequestAuthCache:77 - Auth cache not set in the context
2018-06-06 13:46:57 DEBUG RequestTargetAuthentication:80 - Target auth state: UNCHALLENGED
2018-06-06 13:46:57 DEBUG RequestProxyAuthentication:89 - Proxy auth state: UNCHALLENGED
2018-06-06 13:46:57 DEBUG DefaultHttpClient:682 - Attempt 1 to execute request
2018-06-06 13:46:57 DEBUG DefaultClientConnection:274 - Sending request: POST /rest/auth/1/session HTTP/1.1
2018-06-06 13:46:57 DEBUG wire:73 -  >> "POST /rest/auth/1/session HTTP/1.1[\r][\n]"
2018-06-06 13:46:57 DEBUG wire:73 -  >> "Accept: */*[\r][\n]"
2018-06-06 13:46:57 DEBUG wire:73 -  >> "Content-Type: application/json; charset=UTF-8[\r][\n]"
2018-06-06 13:46:57 DEBUG wire:73 -  >> "Content-Length: 56[\r][\n]"
2018-06-06 13:46:57 DEBUG wire:73 -  >> "Host: localhost:9090[\r][\n]"
2018-06-06 13:46:57 DEBUG wire:73 -  >> "Connection: Keep-Alive[\r][\n]"
2018-06-06 13:46:57 DEBUG wire:73 -  >> "User-Agent: Apache-HttpClient/4.5.3 (Java/1.8.0_172)[\r][\n]"
2018-06-06 13:46:57 DEBUG wire:73 -  >> "Accept-Encoding: gzip,deflate[\r][\n]"
2018-06-06 13:46:57 DEBUG wire:73 -  >> "[\r][\n]"
2018-06-06 13:46:57 DEBUG headers:278 - >> POST /rest/auth/1/session HTTP/1.1
2018-06-06 13:46:57 DEBUG headers:281 - >> Accept: */*
2018-06-06 13:46:57 DEBUG headers:281 - >> Content-Type: application/json; charset=UTF-8
2018-06-06 13:46:57 DEBUG headers:281 - >> Content-Length: 56
2018-06-06 13:46:57 DEBUG headers:281 - >> Host: localhost:9090
2018-06-06 13:46:57 DEBUG headers:281 - >> Connection: Keep-Alive
2018-06-06 13:46:57 DEBUG headers:281 - >> User-Agent: Apache-HttpClient/4.5.3 (Java/1.8.0_172)
2018-06-06 13:46:57 DEBUG headers:281 - >> Accept-Encoding: gzip,deflate
2018-06-06 13:46:57 DEBUG wire:73 -  >> "{[\r][\n]"
2018-06-06 13:46:57 DEBUG wire:73 -  >> "[0x9]"username":"ryynanenphm",[\r][\n]"
2018-06-06 13:46:57 DEBUG wire:73 -  >> "[0x9]"password":"Mikael81"[\r][\n]"
2018-06-06 13:46:57 DEBUG wire:87 -  >> "}"
2018-06-06 13:46:57 DEBUG wire:73 -  << "HTTP/1.1 200 [\r][\n]"
2018-06-06 13:46:57 DEBUG wire:73 -  << "X-AREQUESTID: 826x962x1[\r][\n]"
2018-06-06 13:46:57 DEBUG wire:73 -  << "X-XSS-Protection: 1; mode=block[\r][\n]"
2018-06-06 13:46:57 DEBUG wire:73 -  << "X-Content-Type-Options: nosniff[\r][\n]"
2018-06-06 13:46:57 DEBUG wire:73 -  << "X-Frame-Options: SAMEORIGIN[\r][\n]"
2018-06-06 13:46:57 DEBUG wire:73 -  << "Content-Security-Policy: frame-ancestors 'self'[\r][\n]"
2018-06-06 13:46:57 DEBUG wire:73 -  << "X-ASEN: SEN-L11811261[\r][\n]"
2018-06-06 13:46:57 DEBUG wire:73 -  << "Set-Cookie: atlassian.xsrf.token=BCG2-ZRU7-NNTN-N3LZ|4c075d8ca634b1d786fadd6d24c19ce0a719fa07|lout;path=/[\r][\n]"
2018-06-06 13:46:57 DEBUG wire:73 -  << "X-AUSERNAME: anonymous[\r][\n]"
2018-06-06 13:46:57 DEBUG wire:73 -  << "Set-Cookie: JSESSIONID=907D7B47999C92D1F488072A7494B47C;path=/;HttpOnly[\r][\n]"
2018-06-06 13:46:57 DEBUG wire:73 -  << "X-Seraph-LoginReason: OK[\r][\n]"
2018-06-06 13:46:57 DEBUG wire:73 -  << "Cache-Control: no-cache, no-store, no-transform[\r][\n]"
2018-06-06 13:46:57 DEBUG wire:73 -  << "Content-Encoding: gzip[\r][\n]"
2018-06-06 13:46:57 DEBUG wire:73 -  << "Vary: User-Agent[\r][\n]"
2018-06-06 13:46:57 DEBUG wire:73 -  << "Content-Type: application/json;charset=UTF-8[\r][\n]"
2018-06-06 13:46:57 DEBUG wire:73 -  << "Transfer-Encoding: chunked[\r][\n]"
2018-06-06 13:46:57 DEBUG wire:73 -  << "Date: Wed, 06 Jun 2018 10:46:57 GMT[\r][\n]"
2018-06-06 13:46:57 DEBUG wire:73 -  << "[\r][\n]"
2018-06-06 13:46:57 DEBUG DefaultClientConnection:259 - Receiving response: HTTP/1.1 200 
2018-06-06 13:46:57 DEBUG headers:262 - << HTTP/1.1 200 
2018-06-06 13:46:57 DEBUG headers:265 - << X-AREQUESTID: 826x962x1
2018-06-06 13:46:57 DEBUG headers:265 - << X-XSS-Protection: 1; mode=block
2018-06-06 13:46:57 DEBUG headers:265 - << X-Content-Type-Options: nosniff
2018-06-06 13:46:57 DEBUG headers:265 - << X-Frame-Options: SAMEORIGIN
2018-06-06 13:46:57 DEBUG headers:265 - << Content-Security-Policy: frame-ancestors 'self'
2018-06-06 13:46:57 DEBUG headers:265 - << X-ASEN: SEN-L11811261
2018-06-06 13:46:57 DEBUG headers:265 - << Set-Cookie: atlassian.xsrf.token=BCG2-ZRU7-NNTN-N3LZ|4c075d8ca634b1d786fadd6d24c19ce0a719fa07|lout;path=/
2018-06-06 13:46:57 DEBUG headers:265 - << X-AUSERNAME: anonymous
2018-06-06 13:46:57 DEBUG headers:265 - << Set-Cookie: JSESSIONID=907D7B47999C92D1F488072A7494B47C;path=/;HttpOnly
2018-06-06 13:46:57 DEBUG headers:265 - << X-Seraph-LoginReason: OK
2018-06-06 13:46:57 DEBUG headers:265 - << Cache-Control: no-cache, no-store, no-transform
2018-06-06 13:46:57 DEBUG headers:265 - << Content-Encoding: gzip
2018-06-06 13:46:57 DEBUG headers:265 - << Vary: User-Agent
2018-06-06 13:46:57 DEBUG headers:265 - << Content-Type: application/json;charset=UTF-8
2018-06-06 13:46:57 DEBUG headers:265 - << Transfer-Encoding: chunked
2018-06-06 13:46:57 DEBUG headers:265 - << Date: Wed, 06 Jun 2018 10:46:57 GMT
2018-06-06 13:46:57 DEBUG DefaultHttpClient:509 - Connection can be kept alive indefinitely
2018-06-06 13:46:57 DEBUG RequestSpecificationImpl$RestAssuredHttpBuilder:544 - Parsing response as: application/json;charset=UTF-8
2018-06-06 13:46:57 DEBUG wire:73 -  << "b1[\r][\n]"
2018-06-06 13:46:57 DEBUG wire:73 -  << "[0x1f][0x8b][0x8][0x0][0x0][0x0][0x0][0x0][0x0][0x0]|[0x8e][0xc1][\n]"
2018-06-06 13:46:57 DEBUG wire:87 -  << "[0x82]@[0x18][0x84][0xdf][0xe5][0xbf]V[0xf2][0xbb][0xfe][0xba][0xee][0xde]J[0x13][0x8c][0xa8][0x83][0xbe][0x80][0xd0][0x1a][0xb][0xb6][0x1b][0xad]z[0x11][0xdf][0xbd][0xb5][0x84]n[0xc1]\[0xe6]cf[0x98][0x9][0x9c]rN[[0x3]r[0x2][0xd3]<[0x14]H8U[0xc7][0xaa]*[0xaf][0x97]2[0x87]-[0x8c]M7,P [0xcf][0xf9][0x81][0xb8][0x10]"[0x13],[0xf][0xb]JS[0xe4]l[0xcf]I[0x90][0xc7][0x19][0xcc][[0xe8][0xec]][0x9b][0xd2][0xb4]v[0x19]k[0x1b][0xdd][0xa9][0xdb]yA[0x99][0x1d]L[0xf][0x92][0xad][0x89][0xd5][0x12]z[0xdf][0xb8][0xbe][0xf8][0x5]k[0xfd]9[0xc0]0Lw[0x98]x[0xd5]a$)[0x96][0x11][0xb]xB[0x1b][0x8c][0x10][0xfd][0xa5][0xe7]K[0x8d][0xda][0xe][0xee]o[0x85][0xe2] a[0xfc][[0x99][0xe7]7[0x0][0x0][0x0][0xff][0xff]"
2018-06-06 13:46:57 DEBUG wire:73 -  << "[\r][\n]"
2018-06-06 13:46:57 DEBUG wire:73 -  << "a[\r][\n]"
2018-06-06 13:46:57 DEBUG wire:87 -  << "[0x3][0x0]Z[0xd5]&[0x1][0xe7][0x0][0x0][0x0]"
2018-06-06 13:46:57 DEBUG wire:73 -  << "[\r][\n]"
2018-06-06 13:46:57 DEBUG wire:73 -  << "0[\r][\n]"
2018-06-06 13:46:57 DEBUG wire:73 -  << "[\r][\n]"
2018-06-06 13:46:57 DEBUG RequestSpecificationImpl$RestAssuredHttpBuilder:547 - Parsed data to instance of: class org.apache.http.conn.EofSensorInputStream
2018-06-06 13:46:57 DEBUG REST_Calls:29 - io.restassured.internal.RequestSpecificationImpl@1755e85b
2018-06-06 13:46:57 DEBUG BasicClientConnectionManager:200 - Releasing connection org.apache.http.impl.conn.ManagedClientConnectionImpl@4ba302e0
2018-06-06 13:46:57 DEBUG BasicClientConnectionManager:225 - Connection can be kept alive indefinitely
2018-06-06 13:46:57 INFO  Base_Test:24 - Response -> {"session":{"name":"JSESSIONID","value":"907D7B47999C92D1F488072A7494B47C"},"loginInfo":{"failedLoginCount":2,"loginCount":40,"lastFailedLoginTime":"2018-06-06T13:45:32.764+0300","previousLoginTime":"2018-06-06T13:45:45.627+0300"}}
2018-06-06 13:46:57 INFO  Test_Utils:15 - Converting response to String.
2018-06-06 13:46:57 DEBUG Test_Utils:17 - {"session":{"name":"JSESSIONID","value":"907D7B47999C92D1F488072A7494B47C"},"loginInfo":{"failedLoginCount":2,"loginCount":40,"lastFailedLoginTime":"2018-06-06T13:45:32.764+0300","previousLoginTime":"2018-06-06T13:45:45.627+0300"}}
2018-06-06 13:46:57 INFO  Test_Utils:22 - Parsing string response to JSON.
2018-06-06 13:46:57 DEBUG Test_Utils:24 - JSON response -> io.restassured.path.json.JsonPath@5c153b9e
2018-06-06 13:46:58 INFO  Base_Test:29 - Jira session ID -> 907D7B47999C92D1F488072A7494B47C
2018-06-06 13:46:58 INFO  Create_Issue:28 - Starting create issue test.
2018-06-06 13:46:58 INFO  URL:20 - URI endpoint: http://localhost:9090/rest/api/2/issue
2018-06-06 13:46:58 INFO  Payload_Converter:15 - Inside payload converter function.
2018-06-06 13:46:58 INFO  REST_Calls:34 - Inside POST request call.
2018-06-06 13:46:58 DEBUG BasicClientConnectionManager:161 - Get connection for route {}->http://localhost:9090
2018-06-06 13:46:58 DEBUG DefaultClientConnectionOperator:177 - Connecting to localhost:9090
2018-06-06 13:46:58 DEBUG RequestAddCookies:123 - CookieSpec selected: ignoreCookies
2018-06-06 13:46:58 DEBUG RequestAuthCache:77 - Auth cache not set in the context
2018-06-06 13:46:58 DEBUG RequestTargetAuthentication:80 - Target auth state: UNCHALLENGED
2018-06-06 13:46:58 DEBUG RequestProxyAuthentication:89 - Proxy auth state: UNCHALLENGED
2018-06-06 13:46:58 DEBUG DefaultHttpClient:682 - Attempt 1 to execute request
2018-06-06 13:46:58 DEBUG DefaultClientConnection:274 - Sending request: POST /rest/api/2/issue HTTP/1.1
2018-06-06 13:46:58 DEBUG wire:73 -  >> "POST /rest/api/2/issue HTTP/1.1[\r][\n]"
2018-06-06 13:46:58 DEBUG wire:73 -  >> "cookie: JSESSIONID=[\r][\n]"
2018-06-06 13:46:58 DEBUG wire:73 -  >> "cookie: 907D7B47999C92D1F488072A7494B47C[\r][\n]"
2018-06-06 13:46:58 DEBUG wire:73 -  >> "Accept: */*[\r][\n]"
2018-06-06 13:46:58 DEBUG wire:73 -  >> "Content-Type: application/json; charset=UTF-8[\r][\n]"
2018-06-06 13:46:58 DEBUG wire:73 -  >> "Content-Length: 292[\r][\n]"
2018-06-06 13:46:58 DEBUG wire:73 -  >> "Host: localhost:9090[\r][\n]"
2018-06-06 13:46:58 DEBUG wire:73 -  >> "Connection: Keep-Alive[\r][\n]"
2018-06-06 13:46:58 DEBUG wire:73 -  >> "User-Agent: Apache-HttpClient/4.5.3 (Java/1.8.0_172)[\r][\n]"
2018-06-06 13:46:58 DEBUG wire:73 -  >> "Accept-Encoding: gzip,deflate[\r][\n]"
2018-06-06 13:46:58 DEBUG wire:73 -  >> "[\r][\n]"
2018-06-06 13:46:58 DEBUG headers:278 - >> POST /rest/api/2/issue HTTP/1.1
2018-06-06 13:46:58 DEBUG headers:281 - >> cookie: JSESSIONID=
2018-06-06 13:46:58 DEBUG headers:281 - >> cookie: 907D7B47999C92D1F488072A7494B47C
2018-06-06 13:46:58 DEBUG headers:281 - >> Accept: */*
2018-06-06 13:46:58 DEBUG headers:281 - >> Content-Type: application/json; charset=UTF-8
2018-06-06 13:46:58 DEBUG headers:281 - >> Content-Length: 292
2018-06-06 13:46:58 DEBUG headers:281 - >> Host: localhost:9090
2018-06-06 13:46:58 DEBUG headers:281 - >> Connection: Keep-Alive
2018-06-06 13:46:58 DEBUG headers:281 - >> User-Agent: Apache-HttpClient/4.5.3 (Java/1.8.0_172)
2018-06-06 13:46:58 DEBUG headers:281 - >> Accept-Encoding: gzip,deflate
2018-06-06 13:46:58 DEBUG wire:73 -  >> "{[\r][\n]"
2018-06-06 13:46:58 DEBUG wire:73 -  >> "    "fields": {[\r][\n]"
2018-06-06 13:46:58 DEBUG wire:73 -  >> "       "project":[\r][\n]"
2018-06-06 13:46:58 DEBUG wire:73 -  >> "       { [\r][\n]"
2018-06-06 13:46:58 DEBUG wire:73 -  >> "          "key": "DEMO"[\r][\n]"
2018-06-06 13:46:58 DEBUG wire:73 -  >> "       },[\r][\n]"
2018-06-06 13:46:58 DEBUG wire:73 -  >> "       "summary": "Creating Issue form REST Automation Framework.",[\r][\n]"
2018-06-06 13:46:58 DEBUG wire:73 -  >> "       "description": "Creating issue form REST Automation Framework",[\r][\n]"
2018-06-06 13:46:58 DEBUG wire:73 -  >> "       "issuetype": {[\r][\n]"
2018-06-06 13:46:58 DEBUG wire:73 -  >> "          "name": "Bug"[\r][\n]"
2018-06-06 13:46:58 DEBUG wire:73 -  >> "       }[\r][\n]"
2018-06-06 13:46:58 DEBUG wire:73 -  >> "   }[\r][\n]"
2018-06-06 13:46:58 DEBUG wire:87 -  >> "}"
2018-06-06 13:46:58 DEBUG wire:73 -  << "HTTP/1.1 401 [\r][\n]"
2018-06-06 13:46:58 DEBUG wire:73 -  << "X-AREQUESTID: 826x963x1[\r][\n]"
2018-06-06 13:46:58 DEBUG wire:73 -  << "X-XSS-Protection: 1; mode=block[\r][\n]"
2018-06-06 13:46:58 DEBUG wire:73 -  << "X-Content-Type-Options: nosniff[\r][\n]"
2018-06-06 13:46:58 DEBUG wire:73 -  << "X-Frame-Options: SAMEORIGIN[\r][\n]"
2018-06-06 13:46:58 DEBUG wire:73 -  << "Content-Security-Policy: frame-ancestors 'self'[\r][\n]"
2018-06-06 13:46:58 DEBUG wire:73 -  << "X-ASEN: SEN-L11811261[\r][\n]"
2018-06-06 13:46:58 DEBUG wire:73 -  << "WWW-Authenticate: OAuth realm="http%3A%2F%2Flocalhost%3A9090"[\r][\n]"
2018-06-06 13:46:58 DEBUG wire:73 -  << "Content-Type: text/html;charset=UTF-8[\r][\n]"
2018-06-06 13:46:58 DEBUG wire:73 -  << "Transfer-Encoding: chunked[\r][\n]"
2018-06-06 13:46:58 DEBUG wire:73 -  << "Date: Wed, 06 Jun 2018 10:46:57 GMT[\r][\n]"
2018-06-06 13:46:58 DEBUG wire:73 -  << "[\r][\n]"
2018-06-06 13:46:58 DEBUG DefaultClientConnection:259 - Receiving response: HTTP/1.1 401 
2018-06-06 13:46:58 DEBUG headers:262 - << HTTP/1.1 401 
2018-06-06 13:46:58 DEBUG headers:265 - << X-AREQUESTID: 826x963x1
2018-06-06 13:46:58 DEBUG headers:265 - << X-XSS-Protection: 1; mode=block
2018-06-06 13:46:58 DEBUG headers:265 - << X-Content-Type-Options: nosniff
2018-06-06 13:46:58 DEBUG headers:265 - << X-Frame-Options: SAMEORIGIN
2018-06-06 13:46:58 DEBUG headers:265 - << Content-Security-Policy: frame-ancestors 'self'
2018-06-06 13:46:58 DEBUG headers:265 - << X-ASEN: SEN-L11811261
2018-06-06 13:46:58 DEBUG headers:265 - << WWW-Authenticate: OAuth realm="http%3A%2F%2Flocalhost%3A9090"
2018-06-06 13:46:58 DEBUG headers:265 - << Content-Type: text/html;charset=UTF-8
2018-06-06 13:46:58 DEBUG headers:265 - << Transfer-Encoding: chunked
2018-06-06 13:46:58 DEBUG headers:265 - << Date: Wed, 06 Jun 2018 10:46:57 GMT
2018-06-06 13:46:58 DEBUG DefaultHttpClient:509 - Connection can be kept alive indefinitely
2018-06-06 13:46:58 DEBUG DefaultHttpClient:77 - Authentication required
2018-06-06 13:46:58 DEBUG DefaultHttpClient:107 - localhost:9090 requested authentication
2018-06-06 13:46:58 DEBUG TargetAuthenticationStrategy:175 - Authentication schemes in the order of preference: [Negotiate, Kerberos, NTLM, Digest, Basic]
2018-06-06 13:46:58 DEBUG TargetAuthenticationStrategy:204 - Challenge for Negotiate authentication scheme not available
2018-06-06 13:46:58 DEBUG TargetAuthenticationStrategy:204 - Challenge for Kerberos authentication scheme not available
2018-06-06 13:46:58 DEBUG TargetAuthenticationStrategy:204 - Challenge for NTLM authentication scheme not available
2018-06-06 13:46:58 DEBUG TargetAuthenticationStrategy:204 - Challenge for Digest authentication scheme not available
2018-06-06 13:46:58 DEBUG TargetAuthenticationStrategy:204 - Challenge for Basic authentication scheme not available
2018-06-06 13:46:58 DEBUG RequestSpecificationImpl$RestAssuredHttpBuilder:544 - Parsing response as: text/html;charset=UTF-8
2018-06-06 13:46:58 DEBUG RequestSpecificationImpl$RestAssuredHttpBuilder:547 - Parsed data to instance of: class org.apache.http.conn.EofSensorInputStream
2018-06-06 13:46:58 DEBUG REST_Calls:39 - io.restassured.internal.RequestSpecificationImpl@76a82f33
2018-06-06 13:46:58 INFO  Test_Utils:36 - Getting  response status code.
2018-06-06 13:46:58 INFO  Test_Utils:38 - Response status code -> 401
2018-06-06 13:49:32 INFO  Base_Test:19 - Starting test case: Do_Login
2018-06-06 13:49:32 INFO  Payload_Converter:15 - Inside payload converter function.
2018-06-06 13:49:32 INFO  URL:20 - URI endpoint: http://localhost:9090/rest/auth/1/session
2018-06-06 13:49:32 INFO  REST_Calls:25 - Inside POST request call.
2018-06-06 13:49:34 DEBUG BasicClientConnectionManager:161 - Get connection for route {}->http://localhost:9090
2018-06-06 13:49:34 DEBUG DefaultClientConnectionOperator:177 - Connecting to localhost:9090
2018-06-06 13:49:34 DEBUG RequestAddCookies:123 - CookieSpec selected: ignoreCookies
2018-06-06 13:49:34 DEBUG RequestAuthCache:77 - Auth cache not set in the context
2018-06-06 13:49:34 DEBUG RequestTargetAuthentication:80 - Target auth state: UNCHALLENGED
2018-06-06 13:49:34 DEBUG RequestProxyAuthentication:89 - Proxy auth state: UNCHALLENGED
2018-06-06 13:49:34 DEBUG DefaultHttpClient:682 - Attempt 1 to execute request
2018-06-06 13:49:34 DEBUG DefaultClientConnection:274 - Sending request: POST /rest/auth/1/session HTTP/1.1
2018-06-06 13:49:34 DEBUG wire:73 -  >> "POST /rest/auth/1/session HTTP/1.1[\r][\n]"
2018-06-06 13:49:34 DEBUG wire:73 -  >> "Accept: */*[\r][\n]"
2018-06-06 13:49:34 DEBUG wire:73 -  >> "Content-Type: application/json; charset=UTF-8[\r][\n]"
2018-06-06 13:49:34 DEBUG wire:73 -  >> "Content-Length: 56[\r][\n]"
2018-06-06 13:49:34 DEBUG wire:73 -  >> "Host: localhost:9090[\r][\n]"
2018-06-06 13:49:34 DEBUG wire:73 -  >> "Connection: Keep-Alive[\r][\n]"
2018-06-06 13:49:34 DEBUG wire:73 -  >> "User-Agent: Apache-HttpClient/4.5.3 (Java/1.8.0_172)[\r][\n]"
2018-06-06 13:49:34 DEBUG wire:73 -  >> "Accept-Encoding: gzip,deflate[\r][\n]"
2018-06-06 13:49:34 DEBUG wire:73 -  >> "[\r][\n]"
2018-06-06 13:49:34 DEBUG headers:278 - >> POST /rest/auth/1/session HTTP/1.1
2018-06-06 13:49:34 DEBUG headers:281 - >> Accept: */*
2018-06-06 13:49:34 DEBUG headers:281 - >> Content-Type: application/json; charset=UTF-8
2018-06-06 13:49:34 DEBUG headers:281 - >> Content-Length: 56
2018-06-06 13:49:34 DEBUG headers:281 - >> Host: localhost:9090
2018-06-06 13:49:34 DEBUG headers:281 - >> Connection: Keep-Alive
2018-06-06 13:49:34 DEBUG headers:281 - >> User-Agent: Apache-HttpClient/4.5.3 (Java/1.8.0_172)
2018-06-06 13:49:34 DEBUG headers:281 - >> Accept-Encoding: gzip,deflate
2018-06-06 13:49:34 DEBUG wire:73 -  >> "{[\r][\n]"
2018-06-06 13:49:34 DEBUG wire:73 -  >> "[0x9]"username":"ryynanenphm",[\r][\n]"
2018-06-06 13:49:34 DEBUG wire:73 -  >> "[0x9]"password":"Mikael81"[\r][\n]"
2018-06-06 13:49:34 DEBUG wire:87 -  >> "}"
2018-06-06 13:49:34 DEBUG wire:73 -  << "HTTP/1.1 200 [\r][\n]"
2018-06-06 13:49:34 DEBUG wire:73 -  << "X-AREQUESTID: 829x1153x1[\r][\n]"
2018-06-06 13:49:34 DEBUG wire:73 -  << "X-XSS-Protection: 1; mode=block[\r][\n]"
2018-06-06 13:49:34 DEBUG wire:73 -  << "X-Content-Type-Options: nosniff[\r][\n]"
2018-06-06 13:49:34 DEBUG wire:73 -  << "X-Frame-Options: SAMEORIGIN[\r][\n]"
2018-06-06 13:49:34 DEBUG wire:73 -  << "Content-Security-Policy: frame-ancestors 'self'[\r][\n]"
2018-06-06 13:49:34 DEBUG wire:73 -  << "X-ASEN: SEN-L11811261[\r][\n]"
2018-06-06 13:49:34 DEBUG wire:73 -  << "Set-Cookie: atlassian.xsrf.token=BCG2-ZRU7-NNTN-N3LZ|ff44dd8768fd0977a6a9f9103a45a764e8ef3720|lout;path=/[\r][\n]"
2018-06-06 13:49:34 DEBUG wire:73 -  << "X-AUSERNAME: anonymous[\r][\n]"
2018-06-06 13:49:34 DEBUG wire:73 -  << "Set-Cookie: JSESSIONID=74E1AEA0901FE8562C9B538E1BE9470B;path=/;HttpOnly[\r][\n]"
2018-06-06 13:49:34 DEBUG wire:73 -  << "X-Seraph-LoginReason: OK[\r][\n]"
2018-06-06 13:49:34 DEBUG wire:73 -  << "Cache-Control: no-cache, no-store, no-transform[\r][\n]"
2018-06-06 13:49:34 DEBUG wire:73 -  << "Content-Encoding: gzip[\r][\n]"
2018-06-06 13:49:34 DEBUG wire:73 -  << "Vary: User-Agent[\r][\n]"
2018-06-06 13:49:34 DEBUG wire:73 -  << "Content-Type: application/json;charset=UTF-8[\r][\n]"
2018-06-06 13:49:34 DEBUG wire:73 -  << "Transfer-Encoding: chunked[\r][\n]"
2018-06-06 13:49:34 DEBUG wire:73 -  << "Date: Wed, 06 Jun 2018 10:49:34 GMT[\r][\n]"
2018-06-06 13:49:34 DEBUG wire:73 -  << "[\r][\n]"
2018-06-06 13:49:34 DEBUG DefaultClientConnection:259 - Receiving response: HTTP/1.1 200 
2018-06-06 13:49:34 DEBUG headers:262 - << HTTP/1.1 200 
2018-06-06 13:49:34 DEBUG headers:265 - << X-AREQUESTID: 829x1153x1
2018-06-06 13:49:34 DEBUG headers:265 - << X-XSS-Protection: 1; mode=block
2018-06-06 13:49:34 DEBUG headers:265 - << X-Content-Type-Options: nosniff
2018-06-06 13:49:34 DEBUG headers:265 - << X-Frame-Options: SAMEORIGIN
2018-06-06 13:49:34 DEBUG headers:265 - << Content-Security-Policy: frame-ancestors 'self'
2018-06-06 13:49:34 DEBUG headers:265 - << X-ASEN: SEN-L11811261
2018-06-06 13:49:34 DEBUG headers:265 - << Set-Cookie: atlassian.xsrf.token=BCG2-ZRU7-NNTN-N3LZ|ff44dd8768fd0977a6a9f9103a45a764e8ef3720|lout;path=/
2018-06-06 13:49:34 DEBUG headers:265 - << X-AUSERNAME: anonymous
2018-06-06 13:49:34 DEBUG headers:265 - << Set-Cookie: JSESSIONID=74E1AEA0901FE8562C9B538E1BE9470B;path=/;HttpOnly
2018-06-06 13:49:34 DEBUG headers:265 - << X-Seraph-LoginReason: OK
2018-06-06 13:49:34 DEBUG headers:265 - << Cache-Control: no-cache, no-store, no-transform
2018-06-06 13:49:34 DEBUG headers:265 - << Content-Encoding: gzip
2018-06-06 13:49:34 DEBUG headers:265 - << Vary: User-Agent
2018-06-06 13:49:34 DEBUG headers:265 - << Content-Type: application/json;charset=UTF-8
2018-06-06 13:49:34 DEBUG headers:265 - << Transfer-Encoding: chunked
2018-06-06 13:49:34 DEBUG headers:265 - << Date: Wed, 06 Jun 2018 10:49:34 GMT
2018-06-06 13:49:34 DEBUG DefaultHttpClient:509 - Connection can be kept alive indefinitely
2018-06-06 13:49:34 DEBUG RequestSpecificationImpl$RestAssuredHttpBuilder:544 - Parsing response as: application/json;charset=UTF-8
2018-06-06 13:49:34 DEBUG wire:73 -  << "b3[\r][\n]"
2018-06-06 13:49:34 DEBUG wire:73 -  << "[0x1f][0x8b][0x8][0x0][0x0][0x0][0x0][0x0][0x0][0x0]|[0x8e][0xcf][\n]"
2018-06-06 13:49:34 DEBUG wire:73 -  << "[0x82]@[0x18][0xc4][0xdf][0xe5][0xbb]V[0xf2][0xad][0xae][0xee][0x9f][0x9b][0xda][\n]"
2018-06-06 13:49:34 DEBUG wire:87 -  << "F[0xd4]A_`![0x8d][0x5][0xdb][0x8d]V[0xbd][0x88][0xef][0x9e][0x96][0xd0]-[0x98][0xcb][0xc][0xbf][0x19]f[0x2][0xdf]xo[0x9c][0x5]9[0x81][0xd5][0x8f][0x6]$[0x9c]*UU[0xe5][0xf5]R[0x1e]a[0xf][0xa3][0xee][0x86]5dT[0x91]T[0xa5]([0x90][0x14][0x8a][0xc7]I[0x98][0x8b],[0x8e][0xb8]"[0x99][0x12][0x94]a[0x6][0xf3][0x1e]:w7[0xb6][0xb4][0xad][[0xc7]Zm[0xba][0xe6]v^[0xa3][0xdc][\r][0xb6][0x7]I[0xe8][0x86]l[0x9e]&[0x8b][0xd7][0xbe]/~dm>[0xf]B$[0xfc][0x80][0xc9][0xa2][0x9a]D[0x92]r[0x19][0x89]@ [0xdb]a[0x84][0xb8]|z[0xbe][0x9a][0xd1][0xb8][0xc1][0xff][0xa9][0x8]Ix[0xc0][0x88][0xf8]V[0xe6][0xf9][\r][0x0][0x0][0xff][0xff]"
2018-06-06 13:49:34 DEBUG wire:73 -  << "[\r][\n]"
2018-06-06 13:49:34 DEBUG wire:73 -  << "a[\r][\n]"
2018-06-06 13:49:34 DEBUG wire:87 -  << "[0x3][0x0][0xb1]I[0xd6][0xf2][0xe8][0x0][0x0][0x0]"
2018-06-06 13:49:34 DEBUG wire:73 -  << "[\r][\n]"
2018-06-06 13:49:34 DEBUG wire:73 -  << "0[\r][\n]"
2018-06-06 13:49:34 DEBUG wire:73 -  << "[\r][\n]"
2018-06-06 13:49:34 DEBUG RequestSpecificationImpl$RestAssuredHttpBuilder:547 - Parsed data to instance of: class org.apache.http.conn.EofSensorInputStream
2018-06-06 13:49:35 DEBUG REST_Calls:29 - io.restassured.internal.RequestSpecificationImpl@17cdf2d0
2018-06-06 13:49:35 DEBUG BasicClientConnectionManager:200 - Releasing connection org.apache.http.impl.conn.ManagedClientConnectionImpl@57ac5227
2018-06-06 13:49:35 DEBUG BasicClientConnectionManager:225 - Connection can be kept alive indefinitely
2018-06-06 13:49:35 INFO  Base_Test:24 - Response -> {"session":{"name":"JSESSIONID","value":"74E1AEA0901FE8562C9B538E1BE9470B"},"loginInfo":{"failedLoginCount":14,"loginCount":46,"lastFailedLoginTime":"2018-06-06T13:48:39.907+0300","previousLoginTime":"2018-06-06T13:49:18.719+0300"}}
2018-06-06 13:49:35 INFO  Test_Utils:15 - Converting response to String.
2018-06-06 13:49:35 DEBUG Test_Utils:17 - {"session":{"name":"JSESSIONID","value":"74E1AEA0901FE8562C9B538E1BE9470B"},"loginInfo":{"failedLoginCount":14,"loginCount":46,"lastFailedLoginTime":"2018-06-06T13:48:39.907+0300","previousLoginTime":"2018-06-06T13:49:18.719+0300"}}
2018-06-06 13:49:35 INFO  Test_Utils:22 - Parsing string response to JSON.
2018-06-06 13:49:35 DEBUG Test_Utils:24 - JSON response -> io.restassured.path.json.JsonPath@4409e975
2018-06-06 13:49:35 INFO  Base_Test:29 - Jira session ID -> 74E1AEA0901FE8562C9B538E1BE9470B
2018-06-06 13:49:35 INFO  Create_Issue:28 - Starting create issue test.
2018-06-06 13:49:35 INFO  URL:20 - URI endpoint: http://localhost:9090/rest/api/2/issue
2018-06-06 13:49:35 INFO  Payload_Converter:15 - Inside payload converter function.
2018-06-06 13:49:35 INFO  REST_Calls:34 - Inside POST request call.
2018-06-06 13:49:35 DEBUG BasicClientConnectionManager:161 - Get connection for route {}->http://localhost:9090
2018-06-06 13:49:35 DEBUG DefaultClientConnectionOperator:177 - Connecting to localhost:9090
2018-06-06 13:49:35 DEBUG RequestAddCookies:123 - CookieSpec selected: ignoreCookies
2018-06-06 13:49:35 DEBUG RequestAuthCache:77 - Auth cache not set in the context
2018-06-06 13:49:35 DEBUG RequestTargetAuthentication:80 - Target auth state: UNCHALLENGED
2018-06-06 13:49:35 DEBUG RequestProxyAuthentication:89 - Proxy auth state: UNCHALLENGED
2018-06-06 13:49:35 DEBUG DefaultHttpClient:682 - Attempt 1 to execute request
2018-06-06 13:49:35 DEBUG DefaultClientConnection:274 - Sending request: POST /rest/api/2/issue HTTP/1.1
2018-06-06 13:49:35 DEBUG wire:73 -  >> "POST /rest/api/2/issue HTTP/1.1[\r][\n]"
2018-06-06 13:49:35 DEBUG wire:73 -  >> "cookie: JSESSIONID=[\r][\n]"
2018-06-06 13:49:35 DEBUG wire:73 -  >> "cookie: 74E1AEA0901FE8562C9B538E1BE9470B[\r][\n]"
2018-06-06 13:49:35 DEBUG wire:73 -  >> "Accept: */*[\r][\n]"
2018-06-06 13:49:35 DEBUG wire:73 -  >> "Content-Type: application/json; charset=UTF-8[\r][\n]"
2018-06-06 13:49:35 DEBUG wire:73 -  >> "Content-Length: 292[\r][\n]"
2018-06-06 13:49:35 DEBUG wire:73 -  >> "Host: localhost:9090[\r][\n]"
2018-06-06 13:49:35 DEBUG wire:73 -  >> "Connection: Keep-Alive[\r][\n]"
2018-06-06 13:49:35 DEBUG wire:73 -  >> "User-Agent: Apache-HttpClient/4.5.3 (Java/1.8.0_172)[\r][\n]"
2018-06-06 13:49:35 DEBUG wire:73 -  >> "Accept-Encoding: gzip,deflate[\r][\n]"
2018-06-06 13:49:35 DEBUG wire:73 -  >> "[\r][\n]"
2018-06-06 13:49:35 DEBUG headers:278 - >> POST /rest/api/2/issue HTTP/1.1
2018-06-06 13:49:35 DEBUG headers:281 - >> cookie: JSESSIONID=
2018-06-06 13:49:35 DEBUG headers:281 - >> cookie: 74E1AEA0901FE8562C9B538E1BE9470B
2018-06-06 13:49:35 DEBUG headers:281 - >> Accept: */*
2018-06-06 13:49:35 DEBUG headers:281 - >> Content-Type: application/json; charset=UTF-8
2018-06-06 13:49:35 DEBUG headers:281 - >> Content-Length: 292
2018-06-06 13:49:35 DEBUG headers:281 - >> Host: localhost:9090
2018-06-06 13:49:35 DEBUG headers:281 - >> Connection: Keep-Alive
2018-06-06 13:49:35 DEBUG headers:281 - >> User-Agent: Apache-HttpClient/4.5.3 (Java/1.8.0_172)
2018-06-06 13:49:35 DEBUG headers:281 - >> Accept-Encoding: gzip,deflate
2018-06-06 13:49:35 DEBUG wire:73 -  >> "{[\r][\n]"
2018-06-06 13:49:35 DEBUG wire:73 -  >> "    "fields": {[\r][\n]"
2018-06-06 13:49:35 DEBUG wire:73 -  >> "       "project":[\r][\n]"
2018-06-06 13:49:35 DEBUG wire:73 -  >> "       { [\r][\n]"
2018-06-06 13:49:35 DEBUG wire:73 -  >> "          "key": "DEMO"[\r][\n]"
2018-06-06 13:49:35 DEBUG wire:73 -  >> "       },[\r][\n]"
2018-06-06 13:49:35 DEBUG wire:73 -  >> "       "summary": "Creating Issue form REST Automation Framework.",[\r][\n]"
2018-06-06 13:49:35 DEBUG wire:73 -  >> "       "description": "Creating issue form REST Automation Framework",[\r][\n]"
2018-06-06 13:49:35 DEBUG wire:73 -  >> "       "issuetype": {[\r][\n]"
2018-06-06 13:49:35 DEBUG wire:73 -  >> "          "name": "Bug"[\r][\n]"
2018-06-06 13:49:35 DEBUG wire:73 -  >> "       }[\r][\n]"
2018-06-06 13:49:35 DEBUG wire:73 -  >> "   }[\r][\n]"
2018-06-06 13:49:35 DEBUG wire:87 -  >> "}"
2018-06-06 13:49:35 DEBUG wire:73 -  << "HTTP/1.1 401 [\r][\n]"
2018-06-06 13:49:35 DEBUG wire:73 -  << "X-AREQUESTID: 829x1154x1[\r][\n]"
2018-06-06 13:49:35 DEBUG wire:73 -  << "X-XSS-Protection: 1; mode=block[\r][\n]"
2018-06-06 13:49:35 DEBUG wire:73 -  << "X-Content-Type-Options: nosniff[\r][\n]"
2018-06-06 13:49:35 DEBUG wire:73 -  << "X-Frame-Options: SAMEORIGIN[\r][\n]"
2018-06-06 13:49:35 DEBUG wire:73 -  << "Content-Security-Policy: frame-ancestors 'self'[\r][\n]"
2018-06-06 13:49:35 DEBUG wire:73 -  << "X-ASEN: SEN-L11811261[\r][\n]"
2018-06-06 13:49:35 DEBUG wire:73 -  << "WWW-Authenticate: OAuth realm="http%3A%2F%2Flocalhost%3A9090"[\r][\n]"
2018-06-06 13:49:35 DEBUG wire:73 -  << "Content-Type: text/html;charset=UTF-8[\r][\n]"
2018-06-06 13:49:35 DEBUG wire:73 -  << "Transfer-Encoding: chunked[\r][\n]"
2018-06-06 13:49:35 DEBUG wire:73 -  << "Date: Wed, 06 Jun 2018 10:49:34 GMT[\r][\n]"
2018-06-06 13:49:35 DEBUG wire:73 -  << "[\r][\n]"
2018-06-06 13:49:35 DEBUG DefaultClientConnection:259 - Receiving response: HTTP/1.1 401 
2018-06-06 13:49:35 DEBUG headers:262 - << HTTP/1.1 401 
2018-06-06 13:49:35 DEBUG headers:265 - << X-AREQUESTID: 829x1154x1
2018-06-06 13:49:35 DEBUG headers:265 - << X-XSS-Protection: 1; mode=block
2018-06-06 13:49:35 DEBUG headers:265 - << X-Content-Type-Options: nosniff
2018-06-06 13:49:35 DEBUG headers:265 - << X-Frame-Options: SAMEORIGIN
2018-06-06 13:49:35 DEBUG headers:265 - << Content-Security-Policy: frame-ancestors 'self'
2018-06-06 13:49:35 DEBUG headers:265 - << X-ASEN: SEN-L11811261
2018-06-06 13:49:35 DEBUG headers:265 - << WWW-Authenticate: OAuth realm="http%3A%2F%2Flocalhost%3A9090"
2018-06-06 13:49:35 DEBUG headers:265 - << Content-Type: text/html;charset=UTF-8
2018-06-06 13:49:35 DEBUG headers:265 - << Transfer-Encoding: chunked
2018-06-06 13:49:35 DEBUG headers:265 - << Date: Wed, 06 Jun 2018 10:49:34 GMT
2018-06-06 13:49:35 DEBUG DefaultHttpClient:509 - Connection can be kept alive indefinitely
2018-06-06 13:49:35 DEBUG DefaultHttpClient:77 - Authentication required
2018-06-06 13:49:35 DEBUG DefaultHttpClient:107 - localhost:9090 requested authentication
2018-06-06 13:49:35 DEBUG TargetAuthenticationStrategy:175 - Authentication schemes in the order of preference: [Negotiate, Kerberos, NTLM, Digest, Basic]
2018-06-06 13:49:35 DEBUG TargetAuthenticationStrategy:204 - Challenge for Negotiate authentication scheme not available
2018-06-06 13:49:35 DEBUG TargetAuthenticationStrategy:204 - Challenge for Kerberos authentication scheme not available
2018-06-06 13:49:35 DEBUG TargetAuthenticationStrategy:204 - Challenge for NTLM authentication scheme not available
2018-06-06 13:49:35 DEBUG TargetAuthenticationStrategy:204 - Challenge for Digest authentication scheme not available
2018-06-06 13:49:35 DEBUG TargetAuthenticationStrategy:204 - Challenge for Basic authentication scheme not available
2018-06-06 13:49:35 DEBUG RequestSpecificationImpl$RestAssuredHttpBuilder:544 - Parsing response as: text/html;charset=UTF-8
2018-06-06 13:49:35 DEBUG RequestSpecificationImpl$RestAssuredHttpBuilder:547 - Parsed data to instance of: class org.apache.http.conn.EofSensorInputStream
2018-06-06 13:49:35 DEBUG REST_Calls:39 - io.restassured.internal.RequestSpecificationImpl@76a82f33
2018-06-06 13:49:35 INFO  Test_Utils:36 - Getting  response status code.
2018-06-06 13:49:35 INFO  Test_Utils:38 - Response status code -> 401
2018-06-06 13:53:38 INFO  Base_Test:19 - Starting test case: Do_Login
2018-06-06 13:53:38 INFO  Payload_Converter:15 - Inside payload converter function.
2018-06-06 13:53:38 INFO  URL:20 - URI endpoint: http://localhost:9090/rest/auth/1/session
2018-06-06 13:53:38 INFO  REST_Calls:25 - Inside POST request call.
2018-06-06 13:53:41 DEBUG BasicClientConnectionManager:161 - Get connection for route {}->http://localhost:9090
2018-06-06 13:53:41 DEBUG DefaultClientConnectionOperator:177 - Connecting to localhost:9090
2018-06-06 13:53:41 DEBUG RequestAddCookies:123 - CookieSpec selected: ignoreCookies
2018-06-06 13:53:41 DEBUG RequestAuthCache:77 - Auth cache not set in the context
2018-06-06 13:53:41 DEBUG RequestTargetAuthentication:80 - Target auth state: UNCHALLENGED
2018-06-06 13:53:41 DEBUG RequestProxyAuthentication:89 - Proxy auth state: UNCHALLENGED
2018-06-06 13:53:41 DEBUG DefaultHttpClient:682 - Attempt 1 to execute request
2018-06-06 13:53:41 DEBUG DefaultClientConnection:274 - Sending request: POST /rest/auth/1/session HTTP/1.1
2018-06-06 13:53:41 DEBUG wire:73 -  >> "POST /rest/auth/1/session HTTP/1.1[\r][\n]"
2018-06-06 13:53:41 DEBUG wire:73 -  >> "Accept: */*[\r][\n]"
2018-06-06 13:53:41 DEBUG wire:73 -  >> "Content-Type: application/json; charset=UTF-8[\r][\n]"
2018-06-06 13:53:41 DEBUG wire:73 -  >> "Content-Length: 56[\r][\n]"
2018-06-06 13:53:41 DEBUG wire:73 -  >> "Host: localhost:9090[\r][\n]"
2018-06-06 13:53:41 DEBUG wire:73 -  >> "Connection: Keep-Alive[\r][\n]"
2018-06-06 13:53:41 DEBUG wire:73 -  >> "User-Agent: Apache-HttpClient/4.5.3 (Java/1.8.0_172)[\r][\n]"
2018-06-06 13:53:41 DEBUG wire:73 -  >> "Accept-Encoding: gzip,deflate[\r][\n]"
2018-06-06 13:53:41 DEBUG wire:73 -  >> "[\r][\n]"
2018-06-06 13:53:41 DEBUG headers:278 - >> POST /rest/auth/1/session HTTP/1.1
2018-06-06 13:53:41 DEBUG headers:281 - >> Accept: */*
2018-06-06 13:53:41 DEBUG headers:281 - >> Content-Type: application/json; charset=UTF-8
2018-06-06 13:53:41 DEBUG headers:281 - >> Content-Length: 56
2018-06-06 13:53:41 DEBUG headers:281 - >> Host: localhost:9090
2018-06-06 13:53:41 DEBUG headers:281 - >> Connection: Keep-Alive
2018-06-06 13:53:41 DEBUG headers:281 - >> User-Agent: Apache-HttpClient/4.5.3 (Java/1.8.0_172)
2018-06-06 13:53:41 DEBUG headers:281 - >> Accept-Encoding: gzip,deflate
2018-06-06 13:53:41 DEBUG wire:73 -  >> "{[\r][\n]"
2018-06-06 13:53:41 DEBUG wire:73 -  >> "[0x9]"username":"ryynanenphm",[\r][\n]"
2018-06-06 13:53:41 DEBUG wire:73 -  >> "[0x9]"password":"Mikael81"[\r][\n]"
2018-06-06 13:53:41 DEBUG wire:87 -  >> "}"
2018-06-06 13:53:41 DEBUG wire:73 -  << "HTTP/1.1 200 [\r][\n]"
2018-06-06 13:53:41 DEBUG wire:73 -  << "X-AREQUESTID: 833x1155x1[\r][\n]"
2018-06-06 13:53:41 DEBUG wire:73 -  << "X-XSS-Protection: 1; mode=block[\r][\n]"
2018-06-06 13:53:41 DEBUG wire:73 -  << "X-Content-Type-Options: nosniff[\r][\n]"
2018-06-06 13:53:41 DEBUG wire:73 -  << "X-Frame-Options: SAMEORIGIN[\r][\n]"
2018-06-06 13:53:41 DEBUG wire:73 -  << "Content-Security-Policy: frame-ancestors 'self'[\r][\n]"
2018-06-06 13:53:41 DEBUG wire:73 -  << "X-ASEN: SEN-L11811261[\r][\n]"
2018-06-06 13:53:41 DEBUG wire:73 -  << "Set-Cookie: atlassian.xsrf.token=BCG2-ZRU7-NNTN-N3LZ|289617b22ccde7bc456ffb21507f80b0a4133e60|lout;path=/[\r][\n]"
2018-06-06 13:53:41 DEBUG wire:73 -  << "X-AUSERNAME: anonymous[\r][\n]"
2018-06-06 13:53:41 DEBUG wire:73 -  << "Set-Cookie: JSESSIONID=8C51845F013B2AB1DEA2E23C1FEEF1C6;path=/;HttpOnly[\r][\n]"
2018-06-06 13:53:41 DEBUG wire:73 -  << "X-Seraph-LoginReason: OK[\r][\n]"
2018-06-06 13:53:41 DEBUG wire:73 -  << "Cache-Control: no-cache, no-store, no-transform[\r][\n]"
2018-06-06 13:53:41 DEBUG wire:73 -  << "Content-Encoding: gzip[\r][\n]"
2018-06-06 13:53:41 DEBUG wire:73 -  << "Vary: User-Agent[\r][\n]"
2018-06-06 13:53:41 DEBUG wire:73 -  << "Content-Type: application/json;charset=UTF-8[\r][\n]"
2018-06-06 13:53:41 DEBUG wire:73 -  << "Transfer-Encoding: chunked[\r][\n]"
2018-06-06 13:53:41 DEBUG wire:73 -  << "Date: Wed, 06 Jun 2018 10:53:41 GMT[\r][\n]"
2018-06-06 13:53:41 DEBUG wire:73 -  << "[\r][\n]"
2018-06-06 13:53:41 DEBUG DefaultClientConnection:259 - Receiving response: HTTP/1.1 200 
2018-06-06 13:53:41 DEBUG headers:262 - << HTTP/1.1 200 
2018-06-06 13:53:41 DEBUG headers:265 - << X-AREQUESTID: 833x1155x1
2018-06-06 13:53:41 DEBUG headers:265 - << X-XSS-Protection: 1; mode=block
2018-06-06 13:53:41 DEBUG headers:265 - << X-Content-Type-Options: nosniff
2018-06-06 13:53:41 DEBUG headers:265 - << X-Frame-Options: SAMEORIGIN
2018-06-06 13:53:41 DEBUG headers:265 - << Content-Security-Policy: frame-ancestors 'self'
2018-06-06 13:53:41 DEBUG headers:265 - << X-ASEN: SEN-L11811261
2018-06-06 13:53:41 DEBUG headers:265 - << Set-Cookie: atlassian.xsrf.token=BCG2-ZRU7-NNTN-N3LZ|289617b22ccde7bc456ffb21507f80b0a4133e60|lout;path=/
2018-06-06 13:53:41 DEBUG headers:265 - << X-AUSERNAME: anonymous
2018-06-06 13:53:41 DEBUG headers:265 - << Set-Cookie: JSESSIONID=8C51845F013B2AB1DEA2E23C1FEEF1C6;path=/;HttpOnly
2018-06-06 13:53:41 DEBUG headers:265 - << X-Seraph-LoginReason: OK
2018-06-06 13:53:41 DEBUG headers:265 - << Cache-Control: no-cache, no-store, no-transform
2018-06-06 13:53:41 DEBUG headers:265 - << Content-Encoding: gzip
2018-06-06 13:53:41 DEBUG headers:265 - << Vary: User-Agent
2018-06-06 13:53:41 DEBUG headers:265 - << Content-Type: application/json;charset=UTF-8
2018-06-06 13:53:41 DEBUG headers:265 - << Transfer-Encoding: chunked
2018-06-06 13:53:41 DEBUG headers:265 - << Date: Wed, 06 Jun 2018 10:53:41 GMT
2018-06-06 13:53:41 DEBUG DefaultHttpClient:509 - Connection can be kept alive indefinitely
2018-06-06 13:53:41 DEBUG RequestSpecificationImpl$RestAssuredHttpBuilder:544 - Parsing response as: application/json;charset=UTF-8
2018-06-06 13:53:41 DEBUG wire:73 -  << "b3[\r][\n]"
2018-06-06 13:53:41 DEBUG wire:73 -  << "[0x1f][0x8b][0x8][0x0][0x0][0x0][0x0][0x0][0x0][0x0]|[0x8e]K[\n]"
2018-06-06 13:53:41 DEBUG wire:73 -  << "[0x83]0[0x18][0x84][0xef][0xf2]o[0xdb]J^j[0xcc]Nc[0x2][0x96][0xd2].[0xf4][0x2]Bc[0x9][0xd8][0xa4]4[0xea]F[0xbc]{[0xb5][0x8][0xdd][0x15]f3[0xc3]7[0xc3][0xcc][0x10]L[0x8][0xd6];[0x10]3[0xb8][0xf6]i@[0xc0][0xb9]Vu][0xdd][0xae]U[0x9]G[0x98][0xda]~[0xdc]B.c[0xcc]Y[0xac][0x11][0xa6][0x5][0xc9][0xb]\[0xaa][0x9c](B%[0xd6]Ji,[0x13]X[0x8e][0xd0][0xfb][0x87]u[0x95][0xeb][0xfc]6[0xd6][0xb5][0xb6]7[0xf7][0xcb][0x16]I?[0xba][0x1][0x4]f;[0xb2]{[0x96][0xae][0xbe][\r][0x83][0xfe][0x91][0x8d][0xfd]> [0x8][0xf3][0x13]JV5[0x98][\n]"
2018-06-06 13:53:41 DEBUG wire:87 -  << "[0xc6][0x5][0xcd][0xa2][0xc][0xa5][0x7]D[0x11]Z?[0xbd][0xde]f[0xb2]~[0xc]*[0x99][0xa0],[0xe2][0xe9]^Y[0x96][0xf][0x0][0x0][0x0][0xff][0xff]"
2018-06-06 13:53:41 DEBUG wire:73 -  << "[\r][\n]"
2018-06-06 13:53:41 DEBUG wire:73 -  << "a[\r][\n]"
2018-06-06 13:53:41 DEBUG wire:87 -  << "[0x3][0x0][0xae]P[0x90]f[0xe8][0x0][0x0][0x0]"
2018-06-06 13:53:41 DEBUG wire:73 -  << "[\r][\n]"
2018-06-06 13:53:41 DEBUG wire:73 -  << "0[\r][\n]"
2018-06-06 13:53:41 DEBUG wire:73 -  << "[\r][\n]"
2018-06-06 13:53:41 DEBUG RequestSpecificationImpl$RestAssuredHttpBuilder:547 - Parsed data to instance of: class org.apache.http.conn.EofSensorInputStream
2018-06-06 13:53:41 DEBUG REST_Calls:29 - io.restassured.internal.RequestSpecificationImpl@17cdf2d0
2018-06-06 13:53:41 DEBUG BasicClientConnectionManager:200 - Releasing connection org.apache.http.impl.conn.ManagedClientConnectionImpl@57ac5227
2018-06-06 13:53:41 DEBUG BasicClientConnectionManager:225 - Connection can be kept alive indefinitely
2018-06-06 13:53:41 INFO  Base_Test:24 - Response -> {"session":{"name":"JSESSIONID","value":"8C51845F013B2AB1DEA2E23C1FEEF1C6"},"loginInfo":{"failedLoginCount":14,"loginCount":47,"lastFailedLoginTime":"2018-06-06T13:48:39.907+0300","previousLoginTime":"2018-06-06T13:49:34.877+0300"}}
2018-06-06 13:53:41 INFO  Test_Utils:15 - Converting response to String.
2018-06-06 13:53:41 DEBUG Test_Utils:17 - {"session":{"name":"JSESSIONID","value":"8C51845F013B2AB1DEA2E23C1FEEF1C6"},"loginInfo":{"failedLoginCount":14,"loginCount":47,"lastFailedLoginTime":"2018-06-06T13:48:39.907+0300","previousLoginTime":"2018-06-06T13:49:34.877+0300"}}
2018-06-06 13:53:41 INFO  Test_Utils:22 - Parsing string response to JSON.
2018-06-06 13:53:41 DEBUG Test_Utils:24 - JSON response -> io.restassured.path.json.JsonPath@4409e975
2018-06-06 13:53:42 INFO  Base_Test:29 - Jira session ID -> 8C51845F013B2AB1DEA2E23C1FEEF1C6
2018-06-06 13:53:42 INFO  Create_Issue:28 - Starting create issue test.
2018-06-06 13:53:42 INFO  URL:20 - URI endpoint: http://localhost:9090/rest/api/2/issue
2018-06-06 13:53:42 INFO  Payload_Converter:15 - Inside payload converter function.
2018-06-06 13:53:42 INFO  REST_Calls:34 - Inside POST request call.
2018-06-06 13:53:42 DEBUG BasicClientConnectionManager:161 - Get connection for route {}->http://localhost:9090
2018-06-06 13:53:42 DEBUG DefaultClientConnectionOperator:177 - Connecting to localhost:9090
2018-06-06 13:53:42 DEBUG RequestAddCookies:123 - CookieSpec selected: ignoreCookies
2018-06-06 13:53:42 DEBUG RequestAuthCache:77 - Auth cache not set in the context
2018-06-06 13:53:42 DEBUG RequestTargetAuthentication:80 - Target auth state: UNCHALLENGED
2018-06-06 13:53:42 DEBUG RequestProxyAuthentication:89 - Proxy auth state: UNCHALLENGED
2018-06-06 13:53:42 DEBUG DefaultHttpClient:682 - Attempt 1 to execute request
2018-06-06 13:53:42 DEBUG DefaultClientConnection:274 - Sending request: POST /rest/api/2/issue HTTP/1.1
2018-06-06 13:53:42 DEBUG wire:73 -  >> "POST /rest/api/2/issue HTTP/1.1[\r][\n]"
2018-06-06 13:53:42 DEBUG wire:73 -  >> "cookie: JSESSIONID=8C51845F013B2AB1DEA2E23C1FEEF1C6[\r][\n]"
2018-06-06 13:53:42 DEBUG wire:73 -  >> "Accept: */*[\r][\n]"
2018-06-06 13:53:42 DEBUG wire:73 -  >> "Content-Type: application/json; charset=UTF-8[\r][\n]"
2018-06-06 13:53:42 DEBUG wire:73 -  >> "Content-Length: 292[\r][\n]"
2018-06-06 13:53:42 DEBUG wire:73 -  >> "Host: localhost:9090[\r][\n]"
2018-06-06 13:53:42 DEBUG wire:73 -  >> "Connection: Keep-Alive[\r][\n]"
2018-06-06 13:53:42 DEBUG wire:73 -  >> "User-Agent: Apache-HttpClient/4.5.3 (Java/1.8.0_172)[\r][\n]"
2018-06-06 13:53:42 DEBUG wire:73 -  >> "Accept-Encoding: gzip,deflate[\r][\n]"
2018-06-06 13:53:42 DEBUG wire:73 -  >> "[\r][\n]"
2018-06-06 13:53:42 DEBUG headers:278 - >> POST /rest/api/2/issue HTTP/1.1
2018-06-06 13:53:42 DEBUG headers:281 - >> cookie: JSESSIONID=8C51845F013B2AB1DEA2E23C1FEEF1C6
2018-06-06 13:53:42 DEBUG headers:281 - >> Accept: */*
2018-06-06 13:53:42 DEBUG headers:281 - >> Content-Type: application/json; charset=UTF-8
2018-06-06 13:53:42 DEBUG headers:281 - >> Content-Length: 292
2018-06-06 13:53:42 DEBUG headers:281 - >> Host: localhost:9090
2018-06-06 13:53:42 DEBUG headers:281 - >> Connection: Keep-Alive
2018-06-06 13:53:42 DEBUG headers:281 - >> User-Agent: Apache-HttpClient/4.5.3 (Java/1.8.0_172)
2018-06-06 13:53:42 DEBUG headers:281 - >> Accept-Encoding: gzip,deflate
2018-06-06 13:53:42 DEBUG wire:73 -  >> "{[\r][\n]"
2018-06-06 13:53:42 DEBUG wire:73 -  >> "    "fields": {[\r][\n]"
2018-06-06 13:53:42 DEBUG wire:73 -  >> "       "project":[\r][\n]"
2018-06-06 13:53:42 DEBUG wire:73 -  >> "       { [\r][\n]"
2018-06-06 13:53:42 DEBUG wire:73 -  >> "          "key": "DEMO"[\r][\n]"
2018-06-06 13:53:42 DEBUG wire:73 -  >> "       },[\r][\n]"
2018-06-06 13:53:42 DEBUG wire:73 -  >> "       "summary": "Creating Issue form REST Automation Framework.",[\r][\n]"
2018-06-06 13:53:42 DEBUG wire:73 -  >> "       "description": "Creating issue form REST Automation Framework",[\r][\n]"
2018-06-06 13:53:42 DEBUG wire:73 -  >> "       "issuetype": {[\r][\n]"
2018-06-06 13:53:42 DEBUG wire:73 -  >> "          "name": "Bug"[\r][\n]"
2018-06-06 13:53:42 DEBUG wire:73 -  >> "       }[\r][\n]"
2018-06-06 13:53:42 DEBUG wire:73 -  >> "   }[\r][\n]"
2018-06-06 13:53:42 DEBUG wire:87 -  >> "}"
2018-06-06 13:53:42 DEBUG wire:73 -  << "HTTP/1.1 201 [\r][\n]"
2018-06-06 13:53:42 DEBUG wire:73 -  << "X-AREQUESTID: 833x1156x1[\r][\n]"
2018-06-06 13:53:42 DEBUG wire:73 -  << "X-ASESSIONID: 1vtyru6[\r][\n]"
2018-06-06 13:53:42 DEBUG wire:73 -  << "X-XSS-Protection: 1; mode=block[\r][\n]"
2018-06-06 13:53:42 DEBUG wire:73 -  << "X-Content-Type-Options: nosniff[\r][\n]"
2018-06-06 13:53:42 DEBUG wire:73 -  << "X-Frame-Options: SAMEORIGIN[\r][\n]"
2018-06-06 13:53:42 DEBUG wire:73 -  << "Content-Security-Policy: frame-ancestors 'self'[\r][\n]"
2018-06-06 13:53:42 DEBUG wire:73 -  << "X-ASEN: SEN-L11811261[\r][\n]"
2018-06-06 13:53:42 DEBUG wire:73 -  << "X-Seraph-LoginReason: OK[\r][\n]"
2018-06-06 13:53:42 DEBUG wire:73 -  << "Set-Cookie: atlassian.xsrf.token=BCG2-ZRU7-NNTN-N3LZ|c9b28e186606c771e9d67dfcdec574ac6d79da25|lin;path=/[\r][\n]"
2018-06-06 13:53:42 DEBUG wire:73 -  << "X-AUSERNAME: ryynanenphm[\r][\n]"
2018-06-06 13:53:42 DEBUG wire:73 -  << "Cache-Control: no-cache, no-store, no-transform[\r][\n]"
2018-06-06 13:53:42 DEBUG wire:73 -  << "Content-Encoding: gzip[\r][\n]"
2018-06-06 13:53:42 DEBUG wire:73 -  << "Vary: User-Agent[\r][\n]"
2018-06-06 13:53:42 DEBUG wire:73 -  << "Content-Type: application/json;charset=UTF-8[\r][\n]"
2018-06-06 13:53:42 DEBUG wire:73 -  << "Transfer-Encoding: chunked[\r][\n]"
2018-06-06 13:53:42 DEBUG wire:73 -  << "Date: Wed, 06 Jun 2018 10:53:42 GMT[\r][\n]"
2018-06-06 13:53:42 DEBUG wire:73 -  << "[\r][\n]"
2018-06-06 13:53:42 DEBUG DefaultClientConnection:259 - Receiving response: HTTP/1.1 201 
2018-06-06 13:53:42 DEBUG headers:262 - << HTTP/1.1 201 
2018-06-06 13:53:42 DEBUG headers:265 - << X-AREQUESTID: 833x1156x1
2018-06-06 13:53:42 DEBUG headers:265 - << X-ASESSIONID: 1vtyru6
2018-06-06 13:53:42 DEBUG headers:265 - << X-XSS-Protection: 1; mode=block
2018-06-06 13:53:42 DEBUG headers:265 - << X-Content-Type-Options: nosniff
2018-06-06 13:53:42 DEBUG headers:265 - << X-Frame-Options: SAMEORIGIN
2018-06-06 13:53:42 DEBUG headers:265 - << Content-Security-Policy: frame-ancestors 'self'
2018-06-06 13:53:42 DEBUG headers:265 - << X-ASEN: SEN-L11811261
2018-06-06 13:53:42 DEBUG headers:265 - << X-Seraph-LoginReason: OK
2018-06-06 13:53:42 DEBUG headers:265 - << Set-Cookie: atlassian.xsrf.token=BCG2-ZRU7-NNTN-N3LZ|c9b28e186606c771e9d67dfcdec574ac6d79da25|lin;path=/
2018-06-06 13:53:42 DEBUG headers:265 - << X-AUSERNAME: ryynanenphm
2018-06-06 13:53:42 DEBUG headers:265 - << Cache-Control: no-cache, no-store, no-transform
2018-06-06 13:53:42 DEBUG headers:265 - << Content-Encoding: gzip
2018-06-06 13:53:42 DEBUG headers:265 - << Vary: User-Agent
2018-06-06 13:53:42 DEBUG headers:265 - << Content-Type: application/json;charset=UTF-8
2018-06-06 13:53:42 DEBUG headers:265 - << Transfer-Encoding: chunked
2018-06-06 13:53:42 DEBUG headers:265 - << Date: Wed, 06 Jun 2018 10:53:42 GMT
2018-06-06 13:53:42 DEBUG DefaultHttpClient:509 - Connection can be kept alive indefinitely
2018-06-06 13:53:42 DEBUG RequestSpecificationImpl$RestAssuredHttpBuilder:544 - Parsing response as: application/json;charset=UTF-8
2018-06-06 13:53:42 DEBUG wire:73 -  << "5b[\r][\n]"
2018-06-06 13:53:42 DEBUG wire:87 -  << "[0x1f][0x8b][0x8][0x0][0x0][0x0][0x0][0x0][0x0][0x0][0xaa]V[0xca]LQ[0xb2]R24000T[0xd2]Q[0xca]N[0xad][0x4][0xf2]\\}[0xfd]u[0x8d][0x80][0xdc][0xe2][0xd4][0x9c]4 ?[0xa3][0xa4][0xa4][0xc0]J_?'?91'#[0xbf][0xb8][0xc4][0xca][0xd2][0xc0][0xd2]@[0xbf]([0xb5][0xb8]D?[0xb1] S[0xdf]H?[0xb3][0xb8][0xb8]4U[0x1f]bH-[0x0][0x0][0x0][0xff][0xff]"
2018-06-06 13:53:42 DEBUG wire:73 -  << "[\r][\n]"
2018-06-06 13:53:42 DEBUG wire:73 -  << "a[\r][\n]"
2018-06-06 13:53:42 DEBUG wire:87 -  << "[0x3][0x0]V*[0x1b][0xf2]S[0x0][0x0][0x0]"
2018-06-06 13:53:42 DEBUG wire:73 -  << "[\r][\n]"
2018-06-06 13:53:42 DEBUG wire:73 -  << "0[\r][\n]"
2018-06-06 13:53:42 DEBUG wire:73 -  << "[\r][\n]"
2018-06-06 13:53:42 DEBUG RequestSpecificationImpl$RestAssuredHttpBuilder:547 - Parsed data to instance of: class org.apache.http.conn.EofSensorInputStream
2018-06-06 13:53:42 DEBUG REST_Calls:39 - io.restassured.internal.RequestSpecificationImpl@21c64522
2018-06-06 13:53:42 INFO  Test_Utils:36 - Getting  response status code.
2018-06-06 13:53:42 INFO  Test_Utils:38 - Response status code -> 201
2018-06-06 13:54:27 INFO  Base_Test:19 - Starting test case: Do_Login
2018-06-06 13:54:27 INFO  Payload_Converter:15 - Inside payload converter function.
2018-06-06 13:54:27 INFO  URL:20 - URI endpoint: http://localhost:9090/rest/auth/1/session
2018-06-06 13:54:27 INFO  REST_Calls:25 - Inside POST request call.
2018-06-06 13:54:30 DEBUG BasicClientConnectionManager:161 - Get connection for route {}->http://localhost:9090
2018-06-06 13:54:30 DEBUG DefaultClientConnectionOperator:177 - Connecting to localhost:9090
2018-06-06 13:54:30 DEBUG RequestAddCookies:123 - CookieSpec selected: ignoreCookies
2018-06-06 13:54:30 DEBUG RequestAuthCache:77 - Auth cache not set in the context
2018-06-06 13:54:30 DEBUG RequestTargetAuthentication:80 - Target auth state: UNCHALLENGED
2018-06-06 13:54:30 DEBUG RequestProxyAuthentication:89 - Proxy auth state: UNCHALLENGED
2018-06-06 13:54:30 DEBUG DefaultHttpClient:682 - Attempt 1 to execute request
2018-06-06 13:54:30 DEBUG DefaultClientConnection:274 - Sending request: POST /rest/auth/1/session HTTP/1.1
2018-06-06 13:54:30 DEBUG wire:73 -  >> "POST /rest/auth/1/session HTTP/1.1[\r][\n]"
2018-06-06 13:54:30 DEBUG wire:73 -  >> "Accept: */*[\r][\n]"
2018-06-06 13:54:30 DEBUG wire:73 -  >> "Content-Type: application/json; charset=UTF-8[\r][\n]"
2018-06-06 13:54:30 DEBUG wire:73 -  >> "Content-Length: 56[\r][\n]"
2018-06-06 13:54:30 DEBUG wire:73 -  >> "Host: localhost:9090[\r][\n]"
2018-06-06 13:54:30 DEBUG wire:73 -  >> "Connection: Keep-Alive[\r][\n]"
2018-06-06 13:54:30 DEBUG wire:73 -  >> "User-Agent: Apache-HttpClient/4.5.3 (Java/1.8.0_172)[\r][\n]"
2018-06-06 13:54:30 DEBUG wire:73 -  >> "Accept-Encoding: gzip,deflate[\r][\n]"
2018-06-06 13:54:30 DEBUG wire:73 -  >> "[\r][\n]"
2018-06-06 13:54:30 DEBUG headers:278 - >> POST /rest/auth/1/session HTTP/1.1
2018-06-06 13:54:30 DEBUG headers:281 - >> Accept: */*
2018-06-06 13:54:30 DEBUG headers:281 - >> Content-Type: application/json; charset=UTF-8
2018-06-06 13:54:30 DEBUG headers:281 - >> Content-Length: 56
2018-06-06 13:54:30 DEBUG headers:281 - >> Host: localhost:9090
2018-06-06 13:54:30 DEBUG headers:281 - >> Connection: Keep-Alive
2018-06-06 13:54:30 DEBUG headers:281 - >> User-Agent: Apache-HttpClient/4.5.3 (Java/1.8.0_172)
2018-06-06 13:54:30 DEBUG headers:281 - >> Accept-Encoding: gzip,deflate
2018-06-06 13:54:30 DEBUG wire:73 -  >> "{[\r][\n]"
2018-06-06 13:54:30 DEBUG wire:73 -  >> "[0x9]"username":"ryynanenphm",[\r][\n]"
2018-06-06 13:54:30 DEBUG wire:73 -  >> "[0x9]"password":"Mikael81"[\r][\n]"
2018-06-06 13:54:30 DEBUG wire:87 -  >> "}"
2018-06-06 13:54:30 DEBUG wire:73 -  << "HTTP/1.1 200 [\r][\n]"
2018-06-06 13:54:30 DEBUG wire:73 -  << "X-AREQUESTID: 834x1178x1[\r][\n]"
2018-06-06 13:54:30 DEBUG wire:73 -  << "X-XSS-Protection: 1; mode=block[\r][\n]"
2018-06-06 13:54:30 DEBUG wire:73 -  << "X-Content-Type-Options: nosniff[\r][\n]"
2018-06-06 13:54:30 DEBUG wire:73 -  << "X-Frame-Options: SAMEORIGIN[\r][\n]"
2018-06-06 13:54:30 DEBUG wire:73 -  << "Content-Security-Policy: frame-ancestors 'self'[\r][\n]"
2018-06-06 13:54:30 DEBUG wire:73 -  << "X-ASEN: SEN-L11811261[\r][\n]"
2018-06-06 13:54:30 DEBUG wire:73 -  << "Set-Cookie: atlassian.xsrf.token=BCG2-ZRU7-NNTN-N3LZ|326e012c8a16c97f3dd7b355f946225f5d87ad0f|lout;path=/[\r][\n]"
2018-06-06 13:54:30 DEBUG wire:73 -  << "X-AUSERNAME: anonymous[\r][\n]"
2018-06-06 13:54:30 DEBUG wire:73 -  << "Set-Cookie: JSESSIONID=DB1C90979258C2F3EBAD957B88AC0A21;path=/;HttpOnly[\r][\n]"
2018-06-06 13:54:30 DEBUG wire:73 -  << "X-Seraph-LoginReason: OK[\r][\n]"
2018-06-06 13:54:30 DEBUG wire:73 -  << "Cache-Control: no-cache, no-store, no-transform[\r][\n]"
2018-06-06 13:54:30 DEBUG wire:73 -  << "Content-Encoding: gzip[\r][\n]"
2018-06-06 13:54:30 DEBUG wire:73 -  << "Vary: User-Agent[\r][\n]"
2018-06-06 13:54:30 DEBUG wire:73 -  << "Content-Type: application/json;charset=UTF-8[\r][\n]"
2018-06-06 13:54:30 DEBUG wire:73 -  << "Transfer-Encoding: chunked[\r][\n]"
2018-06-06 13:54:30 DEBUG wire:73 -  << "Date: Wed, 06 Jun 2018 10:54:30 GMT[\r][\n]"
2018-06-06 13:54:30 DEBUG wire:73 -  << "[\r][\n]"
2018-06-06 13:54:30 DEBUG DefaultClientConnection:259 - Receiving response: HTTP/1.1 200 
2018-06-06 13:54:30 DEBUG headers:262 - << HTTP/1.1 200 
2018-06-06 13:54:30 DEBUG headers:265 - << X-AREQUESTID: 834x1178x1
2018-06-06 13:54:30 DEBUG headers:265 - << X-XSS-Protection: 1; mode=block
2018-06-06 13:54:30 DEBUG headers:265 - << X-Content-Type-Options: nosniff
2018-06-06 13:54:30 DEBUG headers:265 - << X-Frame-Options: SAMEORIGIN
2018-06-06 13:54:30 DEBUG headers:265 - << Content-Security-Policy: frame-ancestors 'self'
2018-06-06 13:54:30 DEBUG headers:265 - << X-ASEN: SEN-L11811261
2018-06-06 13:54:30 DEBUG headers:265 - << Set-Cookie: atlassian.xsrf.token=BCG2-ZRU7-NNTN-N3LZ|326e012c8a16c97f3dd7b355f946225f5d87ad0f|lout;path=/
2018-06-06 13:54:30 DEBUG headers:265 - << X-AUSERNAME: anonymous
2018-06-06 13:54:30 DEBUG headers:265 - << Set-Cookie: JSESSIONID=DB1C90979258C2F3EBAD957B88AC0A21;path=/;HttpOnly
2018-06-06 13:54:30 DEBUG headers:265 - << X-Seraph-LoginReason: OK
2018-06-06 13:54:30 DEBUG headers:265 - << Cache-Control: no-cache, no-store, no-transform
2018-06-06 13:54:30 DEBUG headers:265 - << Content-Encoding: gzip
2018-06-06 13:54:30 DEBUG headers:265 - << Vary: User-Agent
2018-06-06 13:54:30 DEBUG headers:265 - << Content-Type: application/json;charset=UTF-8
2018-06-06 13:54:30 DEBUG headers:265 - << Transfer-Encoding: chunked
2018-06-06 13:54:30 DEBUG headers:265 - << Date: Wed, 06 Jun 2018 10:54:30 GMT
2018-06-06 13:54:30 DEBUG DefaultHttpClient:509 - Connection can be kept alive indefinitely
2018-06-06 13:54:30 DEBUG RequestSpecificationImpl$RestAssuredHttpBuilder:544 - Parsing response as: application/json;charset=UTF-8
2018-06-06 13:54:30 DEBUG wire:73 -  << "b4[\r][\n]"
2018-06-06 13:54:30 DEBUG wire:73 -  << "[0x1f][0x8b][0x8][0x0][0x0][0x0][0x0][0x0][0x0][0x0]t[0x8e]A[0xe][0x82]0[0x10]E[0xef]2[[0x95]L)H[0xcb][0xe][\n]"
2018-06-06 13:54:30 DEBUG wire:87 -  << "$[0x18][0xa3][0xb][0xb8]@[0x13][0x8b]i[0x82][0xad][0xb1][0xc0][0x86]pw[0x8b][0x92][0xb8]2[0x99][0xcd][0xff]yo[0xf2]gp[0xca]9m[\r][0xa4]3[0x18][0xf9]P[0x90][0xc2][0xa9])[0x9b][0xa6][0xbe]^[0xea][0x2][0xf6]0[0xc9]~\[0xcb]"'[0x82]#Ox[0x18]3[0x11]V[0xb4][0xcc][0xb3][0x82][0xc7]I[0xce]X&0[0xb][0x9],{[0xe8][0xed]][0x9b][0xda]tv}[0xd6]I[0xdd][0xab][0xdb]y[0xad][0x84][0x1d][0xcd][0x0])[0x89]6d[0xcb][0x11][0xf3]Y[0xba][0xa1][0xfa][0x91][0xad][0xfe],[0x8][0x91][0xb0][0x3][0x1e][0xfd][0xb5][0x84]z.[0xa5]<[0xe0][0x98][0xec][0x90]"[0xfa]M[0xcf][0x97][0x9a][0xb4][0x1d][0xdd]%[0xf6][0x16][0x9]"[0x8a]_eY[0xde][0x0][0x0][0x0][0xff][0xff]"
2018-06-06 13:54:30 DEBUG wire:73 -  << "[\r][\n]"
2018-06-06 13:54:30 DEBUG wire:73 -  << "a[\r][\n]"
2018-06-06 13:54:30 DEBUG wire:87 -  << "[0x3][0x0]{b[0x91]Z[0xe8][0x0][0x0][0x0]"
2018-06-06 13:54:30 DEBUG wire:73 -  << "[\r][\n]"
2018-06-06 13:54:30 DEBUG wire:73 -  << "0[\r][\n]"
2018-06-06 13:54:30 DEBUG wire:73 -  << "[\r][\n]"
2018-06-06 13:54:30 DEBUG RequestSpecificationImpl$RestAssuredHttpBuilder:547 - Parsed data to instance of: class org.apache.http.conn.EofSensorInputStream
2018-06-06 13:54:30 DEBUG REST_Calls:29 - io.restassured.internal.RequestSpecificationImpl@1755e85b
2018-06-06 13:54:30 DEBUG BasicClientConnectionManager:200 - Releasing connection org.apache.http.impl.conn.ManagedClientConnectionImpl@4ba302e0
2018-06-06 13:54:30 DEBUG BasicClientConnectionManager:225 - Connection can be kept alive indefinitely
2018-06-06 13:54:30 INFO  Base_Test:24 - Response -> {"session":{"name":"JSESSIONID","value":"DB1C90979258C2F3EBAD957B88AC0A21"},"loginInfo":{"failedLoginCount":14,"loginCount":48,"lastFailedLoginTime":"2018-06-06T13:48:39.907+0300","previousLoginTime":"2018-06-06T13:53:41.430+0300"}}
2018-06-06 13:54:30 INFO  Test_Utils:15 - Converting response to String.
2018-06-06 13:54:30 DEBUG Test_Utils:17 - {"session":{"name":"JSESSIONID","value":"DB1C90979258C2F3EBAD957B88AC0A21"},"loginInfo":{"failedLoginCount":14,"loginCount":48,"lastFailedLoginTime":"2018-06-06T13:48:39.907+0300","previousLoginTime":"2018-06-06T13:53:41.430+0300"}}
2018-06-06 13:54:30 INFO  Test_Utils:22 - Parsing string response to JSON.
2018-06-06 13:54:30 DEBUG Test_Utils:24 - JSON response -> io.restassured.path.json.JsonPath@5c153b9e
2018-06-06 13:54:30 INFO  Base_Test:29 - Jira session ID -> DB1C90979258C2F3EBAD957B88AC0A21
2018-06-06 13:54:30 INFO  Create_Issue:28 - Starting create issue test.
2018-06-06 13:54:30 INFO  URL:20 - URI endpoint: http://localhost:9090/rest/api/2/issue
2018-06-06 13:54:30 INFO  Payload_Converter:15 - Inside payload converter function.
2018-06-06 13:54:30 INFO  REST_Calls:34 - Inside POST request call.
2018-06-06 13:54:31 DEBUG BasicClientConnectionManager:161 - Get connection for route {}->http://localhost:9090
2018-06-06 13:54:31 DEBUG DefaultClientConnectionOperator:177 - Connecting to localhost:9090
2018-06-06 13:54:31 DEBUG RequestAddCookies:123 - CookieSpec selected: ignoreCookies
2018-06-06 13:54:31 DEBUG RequestAuthCache:77 - Auth cache not set in the context
2018-06-06 13:54:31 DEBUG RequestTargetAuthentication:80 - Target auth state: UNCHALLENGED
2018-06-06 13:54:31 DEBUG RequestProxyAuthentication:89 - Proxy auth state: UNCHALLENGED
2018-06-06 13:54:31 DEBUG DefaultHttpClient:682 - Attempt 1 to execute request
2018-06-06 13:54:31 DEBUG DefaultClientConnection:274 - Sending request: POST /rest/api/2/issue HTTP/1.1
2018-06-06 13:54:31 DEBUG wire:73 -  >> "POST /rest/api/2/issue HTTP/1.1[\r][\n]"
2018-06-06 13:54:31 DEBUG wire:73 -  >> "cookie: JSESSIONID=DB1C90979258C2F3EBAD957B88AC0A21[\r][\n]"
2018-06-06 13:54:31 DEBUG wire:73 -  >> "Accept: */*[\r][\n]"
2018-06-06 13:54:31 DEBUG wire:73 -  >> "Content-Type: application/json; charset=UTF-8[\r][\n]"
2018-06-06 13:54:31 DEBUG wire:73 -  >> "Content-Length: 292[\r][\n]"
2018-06-06 13:54:31 DEBUG wire:73 -  >> "Host: localhost:9090[\r][\n]"
2018-06-06 13:54:31 DEBUG wire:73 -  >> "Connection: Keep-Alive[\r][\n]"
2018-06-06 13:54:31 DEBUG wire:73 -  >> "User-Agent: Apache-HttpClient/4.5.3 (Java/1.8.0_172)[\r][\n]"
2018-06-06 13:54:31 DEBUG wire:73 -  >> "Accept-Encoding: gzip,deflate[\r][\n]"
2018-06-06 13:54:31 DEBUG wire:73 -  >> "[\r][\n]"
2018-06-06 13:54:31 DEBUG headers:278 - >> POST /rest/api/2/issue HTTP/1.1
2018-06-06 13:54:31 DEBUG headers:281 - >> cookie: JSESSIONID=DB1C90979258C2F3EBAD957B88AC0A21
2018-06-06 13:54:31 DEBUG headers:281 - >> Accept: */*
2018-06-06 13:54:31 DEBUG headers:281 - >> Content-Type: application/json; charset=UTF-8
2018-06-06 13:54:31 DEBUG headers:281 - >> Content-Length: 292
2018-06-06 13:54:31 DEBUG headers:281 - >> Host: localhost:9090
2018-06-06 13:54:31 DEBUG headers:281 - >> Connection: Keep-Alive
2018-06-06 13:54:31 DEBUG headers:281 - >> User-Agent: Apache-HttpClient/4.5.3 (Java/1.8.0_172)
2018-06-06 13:54:31 DEBUG headers:281 - >> Accept-Encoding: gzip,deflate
2018-06-06 13:54:31 DEBUG wire:73 -  >> "{[\r][\n]"
2018-06-06 13:54:31 DEBUG wire:73 -  >> "    "fields": {[\r][\n]"
2018-06-06 13:54:31 DEBUG wire:73 -  >> "       "project":[\r][\n]"
2018-06-06 13:54:31 DEBUG wire:73 -  >> "       { [\r][\n]"
2018-06-06 13:54:31 DEBUG wire:73 -  >> "          "key": "DEMO"[\r][\n]"
2018-06-06 13:54:31 DEBUG wire:73 -  >> "       },[\r][\n]"
2018-06-06 13:54:31 DEBUG wire:73 -  >> "       "summary": "Creating Issue form REST Automation Framework.",[\r][\n]"
2018-06-06 13:54:31 DEBUG wire:73 -  >> "       "description": "Creating issue form REST Automation Framework",[\r][\n]"
2018-06-06 13:54:31 DEBUG wire:73 -  >> "       "issuetype": {[\r][\n]"
2018-06-06 13:54:31 DEBUG wire:73 -  >> "          "name": "Bug"[\r][\n]"
2018-06-06 13:54:31 DEBUG wire:73 -  >> "       }[\r][\n]"
2018-06-06 13:54:31 DEBUG wire:73 -  >> "   }[\r][\n]"
2018-06-06 13:54:31 DEBUG wire:87 -  >> "}"
2018-06-06 13:54:31 DEBUG wire:73 -  << "HTTP/1.1 201 [\r][\n]"
2018-06-06 13:54:31 DEBUG wire:73 -  << "X-AREQUESTID: 834x1179x1[\r][\n]"
2018-06-06 13:54:31 DEBUG wire:73 -  << "X-ASESSIONID: 1mlrqc2[\r][\n]"
2018-06-06 13:54:31 DEBUG wire:73 -  << "X-XSS-Protection: 1; mode=block[\r][\n]"
2018-06-06 13:54:31 DEBUG wire:73 -  << "X-Content-Type-Options: nosniff[\r][\n]"
2018-06-06 13:54:31 DEBUG wire:73 -  << "X-Frame-Options: SAMEORIGIN[\r][\n]"
2018-06-06 13:54:31 DEBUG wire:73 -  << "Content-Security-Policy: frame-ancestors 'self'[\r][\n]"
2018-06-06 13:54:31 DEBUG wire:73 -  << "X-ASEN: SEN-L11811261[\r][\n]"
2018-06-06 13:54:31 DEBUG wire:73 -  << "X-Seraph-LoginReason: OK[\r][\n]"
2018-06-06 13:54:31 DEBUG wire:73 -  << "Set-Cookie: atlassian.xsrf.token=BCG2-ZRU7-NNTN-N3LZ|de659d30460e0087fb2bed73ab21856352089ea8|lin;path=/[\r][\n]"
2018-06-06 13:54:31 DEBUG wire:73 -  << "X-AUSERNAME: ryynanenphm[\r][\n]"
2018-06-06 13:54:31 DEBUG wire:73 -  << "Cache-Control: no-cache, no-store, no-transform[\r][\n]"
2018-06-06 13:54:31 DEBUG wire:73 -  << "Content-Encoding: gzip[\r][\n]"
2018-06-06 13:54:31 DEBUG wire:73 -  << "Vary: User-Agent[\r][\n]"
2018-06-06 13:54:31 DEBUG wire:73 -  << "Content-Type: application/json;charset=UTF-8[\r][\n]"
2018-06-06 13:54:31 DEBUG wire:73 -  << "Transfer-Encoding: chunked[\r][\n]"
2018-06-06 13:54:31 DEBUG wire:73 -  << "Date: Wed, 06 Jun 2018 10:54:31 GMT[\r][\n]"
2018-06-06 13:54:31 DEBUG wire:73 -  << "[\r][\n]"
2018-06-06 13:54:31 DEBUG DefaultClientConnection:259 - Receiving response: HTTP/1.1 201 
2018-06-06 13:54:31 DEBUG headers:262 - << HTTP/1.1 201 
2018-06-06 13:54:31 DEBUG headers:265 - << X-AREQUESTID: 834x1179x1
2018-06-06 13:54:31 DEBUG headers:265 - << X-ASESSIONID: 1mlrqc2
2018-06-06 13:54:31 DEBUG headers:265 - << X-XSS-Protection: 1; mode=block
2018-06-06 13:54:31 DEBUG headers:265 - << X-Content-Type-Options: nosniff
2018-06-06 13:54:31 DEBUG headers:265 - << X-Frame-Options: SAMEORIGIN
2018-06-06 13:54:31 DEBUG headers:265 - << Content-Security-Policy: frame-ancestors 'self'
2018-06-06 13:54:31 DEBUG headers:265 - << X-ASEN: SEN-L11811261
2018-06-06 13:54:31 DEBUG headers:265 - << X-Seraph-LoginReason: OK
2018-06-06 13:54:31 DEBUG headers:265 - << Set-Cookie: atlassian.xsrf.token=BCG2-ZRU7-NNTN-N3LZ|de659d30460e0087fb2bed73ab21856352089ea8|lin;path=/
2018-06-06 13:54:31 DEBUG headers:265 - << X-AUSERNAME: ryynanenphm
2018-06-06 13:54:31 DEBUG headers:265 - << Cache-Control: no-cache, no-store, no-transform
2018-06-06 13:54:31 DEBUG headers:265 - << Content-Encoding: gzip
2018-06-06 13:54:31 DEBUG headers:265 - << Vary: User-Agent
2018-06-06 13:54:31 DEBUG headers:265 - << Content-Type: application/json;charset=UTF-8
2018-06-06 13:54:31 DEBUG headers:265 - << Transfer-Encoding: chunked
2018-06-06 13:54:31 DEBUG headers:265 - << Date: Wed, 06 Jun 2018 10:54:31 GMT
2018-06-06 13:54:31 DEBUG DefaultHttpClient:509 - Connection can be kept alive indefinitely
2018-06-06 13:54:31 DEBUG RequestSpecificationImpl$RestAssuredHttpBuilder:544 - Parsing response as: application/json;charset=UTF-8
2018-06-06 13:54:31 DEBUG wire:73 -  << "5b[\r][\n]"
2018-06-06 13:54:31 DEBUG wire:87 -  << "[0x1f][0x8b][0x8][0x0][0x0][0x0][0x0][0x0][0x0][0x0][0xaa]V[0xca]LQ[0xb2]R24000R[0xd2]Q[0xca]N[0xad][0x4][0xf2]\\}[0xfd]u[0x8d][0x81][0xdc][0xe2][0xd4][0x9c]4 ?[0xa3][0xa4][0xa4][0xc0]J_?'?91'#[0xbf][0xb8][0xc4][0xca][0xd2][0xc0][0xd2]@[0xbf]([0xb5][0xb8]D?[0xb1] S[0xdf]H?[0xb3][0xb8][0xb8]4U[0x1f]bH-[0x0][0x0][0x0][0xff][0xff]"
2018-06-06 13:54:31 DEBUG wire:73 -  << "[\r][\n]"
2018-06-06 13:54:31 DEBUG wire:73 -  << "a[\r][\n]"
2018-06-06 13:54:31 DEBUG wire:87 -  << "[0x3][0x0][0x96][0xb4][0x9b][0xc1]S[0x0][0x0][0x0]"
2018-06-06 13:54:31 DEBUG wire:73 -  << "[\r][\n]"
2018-06-06 13:54:31 DEBUG wire:73 -  << "0[\r][\n]"
2018-06-06 13:54:31 DEBUG wire:73 -  << "[\r][\n]"
2018-06-06 13:54:31 DEBUG RequestSpecificationImpl$RestAssuredHttpBuilder:547 - Parsed data to instance of: class org.apache.http.conn.EofSensorInputStream
2018-06-06 13:54:31 DEBUG REST_Calls:39 - io.restassured.internal.RequestSpecificationImpl@21c64522
2018-06-06 13:54:31 INFO  Test_Utils:36 - Getting  response status code.
2018-06-06 13:54:31 INFO  Test_Utils:38 - Response status code -> 201
